{"/home/travis/build/npmtest/node-npmtest-tabtab/test.js":{"path":"/home/travis/build/npmtest/node-npmtest-tabtab/test.js","s":{"1":2,"2":2,"3":2,"4":2,"5":2,"6":2,"7":2,"8":1,"9":2,"10":2,"11":1,"12":1,"13":1,"14":1,"15":2,"16":2,"17":2,"18":2,"19":1,"20":1,"21":2,"22":2,"23":2,"24":1,"25":1,"26":1,"27":1,"28":1,"29":1,"30":1,"31":1,"32":1,"33":1,"34":1,"35":1,"36":1,"37":1,"38":1,"39":2,"40":2,"41":1,"42":2,"43":2,"44":1,"45":2,"46":2,"47":1,"48":2,"49":2,"50":1,"51":1,"52":1,"53":1,"54":1},"b":{"1":[2,1,1,1],"2":[1,1,1,1],"3":[1,1],"4":[1,1],"5":[1,1],"6":[1,1],"7":[1,1],"8":[1,1],"9":[1,1],"10":[1,1,1],"11":[1,1],"12":[1,1],"13":[1,1],"14":[1,1],"15":[1,1],"16":[1,1],"17":[1,1]},"f":{"1":2,"2":2,"3":2,"4":2,"5":2,"6":1,"7":1,"8":1,"9":2,"10":2,"11":2,"12":2,"13":1},"fnMap":{"1":{"name":"(anonymous_1)","line":12,"loc":{"start":{"line":12,"column":1},"end":{"line":12,"column":13}}},"2":{"name":"(anonymous_2)","line":19,"loc":{"start":{"line":19,"column":5},"end":{"line":19,"column":17}}},"3":{"name":"(anonymous_3)","line":23,"loc":{"start":{"line":23,"column":24},"end":{"line":23,"column":36}}},"4":{"name":"(anonymous_4)","line":61,"loc":{"start":{"line":61,"column":5},"end":{"line":61,"column":17}}},"5":{"name":"(anonymous_5)","line":82,"loc":{"start":{"line":82,"column":5},"end":{"line":82,"column":17}}},"6":{"name":"(anonymous_6)","line":91,"loc":{"start":{"line":91,"column":77},"end":{"line":94,"column":10}}},"7":{"name":"(anonymous_7)","line":112,"loc":{"start":{"line":112,"column":83},"end":{"line":115,"column":10}},"skip":true},"8":{"name":"(anonymous_8)","line":123,"loc":{"start":{"line":123,"column":77},"end":{"line":126,"column":10}},"skip":true},"9":{"name":"(anonymous_9)","line":139,"loc":{"start":{"line":139,"column":12},"end":{"line":139,"column":40}},"skip":true},"10":{"name":"(anonymous_10)","line":147,"loc":{"start":{"line":147,"column":77},"end":{"line":150,"column":10}},"skip":true},"11":{"name":"(anonymous_11)","line":158,"loc":{"start":{"line":158,"column":83},"end":{"line":161,"column":10}},"skip":true},"12":{"name":"(anonymous_12)","line":169,"loc":{"start":{"line":169,"column":79},"end":{"line":172,"column":10}},"skip":true},"13":{"name":"(anonymous_13)","line":180,"loc":{"start":{"line":180,"column":75},"end":{"line":183,"column":10}},"skip":true}},"statementMap":{"1":{"start":{"line":12,"column":0},"end":{"line":195,"column":5}},"2":{"start":{"line":14,"column":4},"end":{"line":14,"column":14}},"3":{"start":{"line":19,"column":4},"end":{"line":56,"column":9}},"4":{"start":{"line":21,"column":8},"end":{"line":21,"column":19}},"5":{"start":{"line":23,"column":8},"end":{"line":35,"column":13}},"6":{"start":{"line":24,"column":12},"end":{"line":34,"column":13}},"7":{"start":{"line":25,"column":16},"end":{"line":28,"column":30}},"8":{"start":{"line":30,"column":16},"end":{"line":33,"column":27}},"9":{"start":{"line":37,"column":8},"end":{"line":39,"column":21}},"10":{"start":{"line":40,"column":8},"end":{"line":53,"column":9}},"11":{"start":{"line":43,"column":12},"end":{"line":46,"column":14}},"12":{"start":{"line":47,"column":12},"end":{"line":47,"column":18}},"13":{"start":{"line":50,"column":12},"end":{"line":51,"column":46}},"14":{"start":{"line":52,"column":12},"end":{"line":52,"column":18}},"15":{"start":{"line":55,"column":8},"end":{"line":55,"column":35}},"16":{"start":{"line":61,"column":4},"end":{"line":63,"column":9}},"17":{"start":{"line":62,"column":8},"end":{"line":62,"column":15}},"18":{"start":{"line":64,"column":4},"end":{"line":77,"column":5}},"19":{"start":{"line":70,"column":8},"end":{"line":70,"column":14}},"20":{"start":{"line":76,"column":8},"end":{"line":76,"column":14}},"21":{"start":{"line":82,"column":4},"end":{"line":84,"column":9}},"22":{"start":{"line":83,"column":8},"end":{"line":83,"column":15}},"23":{"start":{"line":85,"column":4},"end":{"line":194,"column":5}},"24":{"start":{"line":91,"column":8},"end":{"line":99,"column":10}},"25":{"start":{"line":98,"column":12},"end":{"line":98,"column":35}},"26":{"start":{"line":102,"column":8},"end":{"line":104,"column":63}},"27":{"start":{"line":105,"column":8},"end":{"line":105,"column":14}},"28":{"start":{"line":112,"column":8},"end":{"line":121,"column":10},"skip":true},"29":{"start":{"line":119,"column":12},"end":{"line":119,"column":55},"skip":true},"30":{"start":{"line":120,"column":12},"end":{"line":120,"column":48},"skip":true},"31":{"start":{"line":123,"column":8},"end":{"line":136,"column":10},"skip":true},"32":{"start":{"line":130,"column":12},"end":{"line":130,"column":76},"skip":true},"33":{"start":{"line":131,"column":12},"end":{"line":131,"column":73},"skip":true},"34":{"start":{"line":132,"column":12},"end":{"line":132,"column":74},"skip":true},"35":{"start":{"line":133,"column":12},"end":{"line":133,"column":79},"skip":true},"36":{"start":{"line":134,"column":12},"end":{"line":134,"column":25},"skip":true},"37":{"start":{"line":135,"column":12},"end":{"line":135,"column":45},"skip":true},"38":{"start":{"line":138,"column":8},"end":{"line":145,"column":14},"skip":true},"39":{"start":{"line":143,"column":16},"end":{"line":143,"column":29},"skip":true},"40":{"start":{"line":144,"column":16},"end":{"line":144,"column":55},"skip":true},"41":{"start":{"line":147,"column":8},"end":{"line":156,"column":10},"skip":true},"42":{"start":{"line":154,"column":12},"end":{"line":154,"column":25},"skip":true},"43":{"start":{"line":155,"column":12},"end":{"line":155,"column":45},"skip":true},"44":{"start":{"line":158,"column":8},"end":{"line":167,"column":10},"skip":true},"45":{"start":{"line":165,"column":12},"end":{"line":165,"column":25},"skip":true},"46":{"start":{"line":166,"column":12},"end":{"line":166,"column":48},"skip":true},"47":{"start":{"line":169,"column":8},"end":{"line":178,"column":10},"skip":true},"48":{"start":{"line":176,"column":12},"end":{"line":176,"column":25},"skip":true},"49":{"start":{"line":177,"column":12},"end":{"line":177,"column":46},"skip":true},"50":{"start":{"line":180,"column":8},"end":{"line":189,"column":10},"skip":true},"51":{"start":{"line":187,"column":12},"end":{"line":187,"column":94},"skip":true},"52":{"start":{"line":188,"column":12},"end":{"line":188,"column":48},"skip":true},"53":{"start":{"line":192,"column":8},"end":{"line":192,"column":35},"skip":true},"54":{"start":{"line":193,"column":8},"end":{"line":193,"column":14},"skip":true}},"branchMap":{"1":{"line":25,"type":"binary-expr","locations":[{"start":{"line":25,"column":23},"end":{"line":25,"column":62}},{"start":{"line":26,"column":20},"end":{"line":26,"column":70}},{"start":{"line":27,"column":20},"end":{"line":27,"column":71}},{"start":{"line":28,"column":20},"end":{"line":28,"column":29}}]},"2":{"line":30,"type":"binary-expr","locations":[{"start":{"line":30,"column":23},"end":{"line":30,"column":37}},{"start":{"line":31,"column":20},"end":{"line":31,"column":61}},{"start":{"line":32,"column":20},"end":{"line":32,"column":70}},{"start":{"line":33,"column":20},"end":{"line":33,"column":26}}]},"3":{"line":37,"type":"cond-expr","locations":[{"start":{"line":38,"column":14},"end":{"line":38,"column":20}},{"start":{"line":39,"column":14},"end":{"line":39,"column":20}}]},"4":{"line":40,"type":"switch","locations":[{"start":{"line":42,"column":8},"end":{"line":47,"column":18}},{"start":{"line":49,"column":8},"end":{"line":52,"column":18}}]},"5":{"line":44,"type":"binary-expr","locations":[{"start":{"line":44,"column":16},"end":{"line":44,"column":44}},{"start":{"line":44,"column":48},"end":{"line":44,"column":66}}]},"6":{"line":50,"type":"binary-expr","locations":[{"start":{"line":50,"column":21},"end":{"line":50,"column":49}},{"start":{"line":50,"column":53},"end":{"line":50,"column":72}}]},"7":{"line":64,"type":"switch","locations":[{"start":{"line":69,"column":4},"end":{"line":70,"column":14}},{"start":{"line":75,"column":4},"end":{"line":76,"column":14}}]},"8":{"line":85,"type":"switch","locations":[{"start":{"line":90,"column":4},"end":{"line":105,"column":14}},{"start":{"line":111,"column":4},"end":{"line":193,"column":14},"skip":true}]},"9":{"line":91,"type":"binary-expr","locations":[{"start":{"line":91,"column":42},"end":{"line":91,"column":73}},{"start":{"line":91,"column":77},"end":{"line":99,"column":9}}]},"10":{"line":102,"type":"binary-expr","locations":[{"start":{"line":102,"column":18},"end":{"line":102,"column":32}},{"start":{"line":103,"column":12},"end":{"line":103,"column":53}},{"start":{"line":104,"column":12},"end":{"line":104,"column":61}}]},"11":{"line":112,"type":"binary-expr","locations":[{"start":{"line":112,"column":45},"end":{"line":112,"column":79},"skip":true},{"start":{"line":112,"column":83},"end":{"line":121,"column":9},"skip":true}]},"12":{"line":123,"type":"binary-expr","locations":[{"start":{"line":123,"column":42},"end":{"line":123,"column":73},"skip":true},{"start":{"line":123,"column":77},"end":{"line":136,"column":9},"skip":true}]},"13":{"line":138,"type":"binary-expr","locations":[{"start":{"line":138,"column":48},"end":{"line":138,"column":85},"skip":true},{"start":{"line":139,"column":12},"end":{"line":145,"column":13},"skip":true}]},"14":{"line":147,"type":"binary-expr","locations":[{"start":{"line":147,"column":42},"end":{"line":147,"column":73},"skip":true},{"start":{"line":147,"column":77},"end":{"line":156,"column":9},"skip":true}]},"15":{"line":158,"type":"binary-expr","locations":[{"start":{"line":158,"column":45},"end":{"line":158,"column":79},"skip":true},{"start":{"line":158,"column":83},"end":{"line":167,"column":9},"skip":true}]},"16":{"line":169,"type":"binary-expr","locations":[{"start":{"line":169,"column":43},"end":{"line":169,"column":75},"skip":true},{"start":{"line":169,"column":79},"end":{"line":178,"column":9},"skip":true}]},"17":{"line":180,"type":"binary-expr","locations":[{"start":{"line":180,"column":41},"end":{"line":180,"column":71},"skip":true},{"start":{"line":180,"column":75},"end":{"line":189,"column":9},"skip":true}]}},"code":["/* istanbul instrument in package npmtest_tabtab */","/*jslint","    bitwise: true,","    browser: true,","    maxerr: 8,","    maxlen: 96,","    node: true,","    nomen: true,","    regexp: true,","    stupid: true","*/","(function () {","    'use strict';","    var local;","","","","    // run shared js-env code - pre-init","    (function () {","        // init local","        local = {};","        // init modeJs","        local.modeJs = (function () {","            try {","                return typeof navigator.userAgent === 'string' &&","                    typeof document.querySelector('body') === 'object' &&","                    typeof XMLHttpRequest.prototype.open === 'function' &&","                    'browser';","            } catch (errorCaughtBrowser) {","                return module.exports &&","                    typeof process.versions.node === 'string' &&","                    typeof require('http').createServer === 'function' &&","                    'node';","            }","        }());","        // init global","        local.global = local.modeJs === 'browser'","            ? window","            : global;","        switch (local.modeJs) {","        // re-init local from window.local","        case 'browser':","            local = local.global.utility2.objectSetDefault(","                local.global.utility2_rollup || local.global.local,","                local.global.utility2","            );","            break;","        // re-init local from example.js","        case 'node':","            local = (local.global.utility2_rollup || require('utility2'))","                .requireExampleJsFromReadme();","            break;","        }","        // export local","        local.global.local = local;","    }());","","","","    // run shared js-env code - function","    (function () {","        return;","    }());","    switch (local.modeJs) {","","","","    // run browser js-env code - function","    case 'browser':","        break;","","","","    // run node js-env code - function","    case 'node':","        break;","    }","","","","    // run shared js-env code - post-init","    (function () {","        return;","    }());","    switch (local.modeJs) {","","","","    // run browser js-env code - post-init","    case 'browser':","        local.testCase_browser_nullCase = local.testCase_browser_nullCase || function (","            options,","            onError","        ) {","        /*","         * this function will test browsers's null-case handling-behavior-behavior","         */","            onError(null, options);","        };","","        // run tests","        local.nop(local.modeTest &&","            document.querySelector('#testRunButton1') &&","            document.querySelector('#testRunButton1').click());","        break;","","","","    // run node js-env code - post-init","    /* istanbul ignore next */","    case 'node':","        local.testCase_buildApidoc_default = local.testCase_buildApidoc_default || function (","            options,","            onError","        ) {","        /*","         * this function will test buildApidoc's default handling-behavior-behavior","         */","            options = { modulePathList: module.paths };","            local.buildApidoc(options, onError);","        };","","        local.testCase_buildApp_default = local.testCase_buildApp_default || function (","            options,","            onError","        ) {","        /*","         * this function will test buildApp's default handling-behavior-behavior","         */","            local.testCase_buildReadme_default(options, local.onErrorThrow);","            local.testCase_buildLib_default(options, local.onErrorThrow);","            local.testCase_buildTest_default(options, local.onErrorThrow);","            local.testCase_buildCustomOrg_default(options, local.onErrorThrow);","            options = [];","            local.buildApp(options, onError);","        };","","        local.testCase_buildCustomOrg_default = local.testCase_buildCustomOrg_default ||","            function (options, onError) {","            /*","             * this function will test buildCustomOrg's default handling-behavior","             */","                options = {};","                local.buildCustomOrg(options, onError);","            };","","        local.testCase_buildLib_default = local.testCase_buildLib_default || function (","            options,","            onError","        ) {","        /*","         * this function will test buildLib's default handling-behavior","         */","            options = {};","            local.buildLib(options, onError);","        };","","        local.testCase_buildReadme_default = local.testCase_buildReadme_default || function (","            options,","            onError","        ) {","        /*","         * this function will test buildReadme's default handling-behavior-behavior","         */","            options = {};","            local.buildReadme(options, onError);","        };","","        local.testCase_buildTest_default = local.testCase_buildTest_default || function (","            options,","            onError","        ) {","        /*","         * this function will test buildTest's default handling-behavior","         */","            options = {};","            local.buildTest(options, onError);","        };","","        local.testCase_webpage_default = local.testCase_webpage_default || function (","            options,","            onError","        ) {","        /*","         * this function will test webpage's default handling-behavior","         */","            options = { modeCoverageMerge: true, url: local.serverLocalHost + '?modeTest=1' };","            local.browserTest(options, onError);","        };","","        // run test-server","        local.testRunServer(local);","        break;","    }","}());",""],"l":{"12":2,"14":2,"19":2,"21":2,"23":2,"24":2,"25":2,"30":1,"37":2,"40":2,"43":1,"47":1,"50":1,"52":1,"55":2,"61":2,"62":2,"64":2,"70":1,"76":1,"82":2,"83":2,"85":2,"91":1,"98":1,"102":1,"105":1,"112":1,"119":1,"120":1,"123":1,"130":1,"131":1,"132":1,"133":1,"134":1,"135":1,"138":1,"143":2,"144":2,"147":1,"154":2,"155":2,"158":1,"165":2,"166":2,"169":1,"176":2,"177":2,"180":1,"187":1,"188":1,"192":1,"193":1}},"/home/travis/build/npmtest/node-npmtest-tabtab/lib.npmtest_tabtab.js":{"path":"/home/travis/build/npmtest/node-npmtest-tabtab/lib.npmtest_tabtab.js","s":{"1":2,"2":2,"3":2,"4":2,"5":2,"6":2,"7":2,"8":1,"9":2,"10":2,"11":2,"12":2,"13":1,"14":1,"15":1,"16":1},"b":{"1":[2,1,1,1],"2":[1,1,1,1],"3":[1,1],"4":[2,2],"5":[1,1]},"f":{"1":2,"2":2,"3":2},"fnMap":{"1":{"name":"(anonymous_1)","line":12,"loc":{"start":{"line":12,"column":1},"end":{"line":12,"column":13}}},"2":{"name":"(anonymous_2)","line":19,"loc":{"start":{"line":19,"column":5},"end":{"line":19,"column":17}}},"3":{"name":"(anonymous_3)","line":23,"loc":{"start":{"line":23,"column":24},"end":{"line":23,"column":36}}}},"statementMap":{"1":{"start":{"line":12,"column":0},"end":{"line":53,"column":5}},"2":{"start":{"line":14,"column":4},"end":{"line":14,"column":14}},"3":{"start":{"line":19,"column":4},"end":{"line":52,"column":9}},"4":{"start":{"line":21,"column":8},"end":{"line":21,"column":19}},"5":{"start":{"line":23,"column":8},"end":{"line":35,"column":13}},"6":{"start":{"line":24,"column":12},"end":{"line":34,"column":13}},"7":{"start":{"line":25,"column":16},"end":{"line":28,"column":30}},"8":{"start":{"line":30,"column":16},"end":{"line":33,"column":27}},"9":{"start":{"line":37,"column":8},"end":{"line":39,"column":21}},"10":{"start":{"line":41,"column":8},"end":{"line":41,"column":54}},"11":{"start":{"line":43,"column":8},"end":{"line":43,"column":51}},"12":{"start":{"line":45,"column":8},"end":{"line":51,"column":9}},"13":{"start":{"line":46,"column":12},"end":{"line":46,"column":57}},"14":{"start":{"line":48,"column":12},"end":{"line":48,"column":35}},"15":{"start":{"line":49,"column":12},"end":{"line":49,"column":49}},"16":{"start":{"line":50,"column":12},"end":{"line":50,"column":43}}},"branchMap":{"1":{"line":25,"type":"binary-expr","locations":[{"start":{"line":25,"column":23},"end":{"line":25,"column":62}},{"start":{"line":26,"column":20},"end":{"line":26,"column":70}},{"start":{"line":27,"column":20},"end":{"line":27,"column":71}},{"start":{"line":28,"column":20},"end":{"line":28,"column":29}}]},"2":{"line":30,"type":"binary-expr","locations":[{"start":{"line":30,"column":23},"end":{"line":30,"column":37}},{"start":{"line":31,"column":20},"end":{"line":31,"column":61}},{"start":{"line":32,"column":20},"end":{"line":32,"column":70}},{"start":{"line":33,"column":20},"end":{"line":33,"column":26}}]},"3":{"line":37,"type":"cond-expr","locations":[{"start":{"line":38,"column":14},"end":{"line":38,"column":20}},{"start":{"line":39,"column":14},"end":{"line":39,"column":20}}]},"4":{"line":41,"type":"binary-expr","locations":[{"start":{"line":41,"column":16},"end":{"line":41,"column":44}},{"start":{"line":41,"column":48},"end":{"line":41,"column":53}}]},"5":{"line":45,"type":"if","locations":[{"start":{"line":45,"column":8},"end":{"line":45,"column":8}},{"start":{"line":45,"column":8},"end":{"line":45,"column":8}}]}},"code":["/* istanbul instrument in package npmtest_tabtab */","/*jslint","    bitwise: true,","    browser: true,","    maxerr: 8,","    maxlen: 96,","    node: true,","    nomen: true,","    regexp: true,","    stupid: true","*/","(function () {","    'use strict';","    var local;","","","","    // run shared js-env code - pre-init","    (function () {","        // init local","        local = {};","        // init modeJs","        local.modeJs = (function () {","            try {","                return typeof navigator.userAgent === 'string' &&","                    typeof document.querySelector('body') === 'object' &&","                    typeof XMLHttpRequest.prototype.open === 'function' &&","                    'browser';","            } catch (errorCaughtBrowser) {","                return module.exports &&","                    typeof process.versions.node === 'string' &&","                    typeof require('http').createServer === 'function' &&","                    'node';","            }","        }());","        // init global","        local.global = local.modeJs === 'browser'","            ? window","            : global;","        // init utility2_rollup","        local = local.global.utility2_rollup || local;","        // init lib","        local.local = local.npmtest_tabtab = local;","        // init exports","        if (local.modeJs === 'browser') {","            local.global.utility2_npmtest_tabtab = local;","        } else {","            module.exports = local;","            module.exports.__dirname = __dirname;","            module.exports.module = module;","        }","    }());","}());",""],"l":{"12":2,"14":2,"19":2,"21":2,"23":2,"24":2,"25":2,"30":1,"37":2,"41":2,"43":2,"45":2,"46":1,"48":1,"49":1,"50":1}},"/home/travis/build/npmtest/node-npmtest-tabtab/example.js":{"path":"/home/travis/build/npmtest/node-npmtest-tabtab/example.js","s":{"1":2,"2":2,"3":2,"4":2,"5":2,"6":2,"7":2,"8":1,"9":2,"10":2,"11":2,"12":2,"13":1,"14":2,"15":2,"16":2,"17":2,"18":2,"19":0,"20":2,"21":1,"22":1,"23":1,"24":1,"25":1,"26":0,"27":0,"28":1,"29":1,"30":2,"31":0,"32":0,"33":0,"34":1,"35":2,"36":2,"37":3,"38":3,"39":3,"40":3,"41":0,"42":3,"43":3,"44":3,"45":1,"46":3,"47":1,"48":1,"49":1,"50":1,"51":1,"52":1,"53":1,"54":1,"55":1,"56":1,"57":0,"58":1,"59":6,"60":6,"61":1,"62":2,"63":0,"64":2,"65":1,"66":1,"67":0,"68":0,"69":0,"70":0,"71":0,"72":0,"73":0,"74":0,"75":0,"76":0,"77":0,"78":0,"79":0,"80":0,"81":0,"82":0,"83":0},"b":{"1":[2,1,1,1],"2":[1,1,1,1],"3":[1,1],"4":[2,2],"5":[1,1],"6":[1,1],"7":[2,0],"8":[2,1,1,1,1,1],"9":[0,2,0],"10":[1,1],"11":[2,1,1],"12":[1,0],"13":[0,2],"14":[2,0,0,0,0,0,0],"15":[0,3],"16":[3,0],"17":[1,1],"18":[0,1],"19":[1,2,0,2],"20":[1,0],"21":[1,1],"22":[0,0],"23":[0,0],"24":[0,0],"25":[0,0],"26":[0,0],"27":[0,0],"28":[0,0]},"f":{"1":2,"2":2,"3":2,"4":2,"5":2,"6":2,"7":3,"8":3,"9":3,"10":1,"11":6,"12":0},"fnMap":{"1":{"name":"(anonymous_1)","line":26,"loc":{"start":{"line":26,"column":1},"end":{"line":26,"column":13}}},"2":{"name":"(anonymous_2)","line":33,"loc":{"start":{"line":33,"column":5},"end":{"line":33,"column":17}}},"3":{"name":"(anonymous_3)","line":37,"loc":{"start":{"line":37,"column":24},"end":{"line":37,"column":36}}},"4":{"name":"(anonymous_4)","line":69,"loc":{"start":{"line":69,"column":31},"end":{"line":69,"column":48}},"skip":true},"5":{"name":"(anonymous_5)","line":78,"loc":{"start":{"line":78,"column":26},"end":{"line":78,"column":45}},"skip":true},"6":{"name":"(anonymous_6)","line":123,"loc":{"start":{"line":123,"column":33},"end":{"line":123,"column":48}},"skip":true},"7":{"name":"(anonymous_7)","line":125,"loc":{"start":{"line":125,"column":27},"end":{"line":125,"column":39}},"skip":true},"8":{"name":"(anonymous_8)","line":133,"loc":{"start":{"line":133,"column":59},"end":{"line":133,"column":74}},"skip":true},"9":{"name":"(anonymous_9)","line":143,"loc":{"start":{"line":143,"column":45},"end":{"line":143,"column":62}},"skip":true},"10":{"name":"(anonymous_10)","line":144,"loc":{"start":{"line":144,"column":73},"end":{"line":144,"column":92}},"skip":true},"11":{"name":"(anonymous_11)","line":272,"loc":{"start":{"line":272,"column":51},"end":{"line":272,"column":77}},"skip":true},"12":{"name":"(anonymous_12)","line":314,"loc":{"start":{"line":314,"column":32},"end":{"line":314,"column":61}},"skip":true}},"statementMap":{"1":{"start":{"line":26,"column":0},"end":{"line":325,"column":5}},"2":{"start":{"line":28,"column":4},"end":{"line":28,"column":14}},"3":{"start":{"line":33,"column":4},"end":{"line":60,"column":9}},"4":{"start":{"line":35,"column":8},"end":{"line":35,"column":19}},"5":{"start":{"line":37,"column":8},"end":{"line":49,"column":13}},"6":{"start":{"line":38,"column":12},"end":{"line":48,"column":13}},"7":{"start":{"line":39,"column":16},"end":{"line":42,"column":30}},"8":{"start":{"line":44,"column":16},"end":{"line":47,"column":27}},"9":{"start":{"line":51,"column":8},"end":{"line":53,"column":21}},"10":{"start":{"line":55,"column":8},"end":{"line":57,"column":45}},"11":{"start":{"line":59,"column":8},"end":{"line":59,"column":35}},"12":{"start":{"line":61,"column":4},"end":{"line":324,"column":5}},"13":{"start":{"line":69,"column":8},"end":{"line":121,"column":10},"skip":true},"14":{"start":{"line":70,"column":12},"end":{"line":88,"column":13},"skip":true},"15":{"start":{"line":76,"column":16},"end":{"line":87,"column":19},"skip":true},"16":{"start":{"line":79,"column":20},"end":{"line":86,"column":21},"skip":true},"17":{"start":{"line":82,"column":24},"end":{"line":82,"column":43},"skip":true},"18":{"start":{"line":83,"column":24},"end":{"line":83,"column":30},"skip":true},"19":{"start":{"line":85,"column":24},"end":{"line":85,"column":49},"skip":true},"20":{"start":{"line":89,"column":12},"end":{"line":107,"column":13},"skip":true},"21":{"start":{"line":92,"column":16},"end":{"line":102,"column":17},"skip":true},"22":{"start":{"line":93,"column":20},"end":{"line":93,"column":86},"skip":true},"23":{"start":{"line":94,"column":20},"end":{"line":95,"column":45},"skip":true},"24":{"start":{"line":96,"column":20},"end":{"line":96,"column":42},"skip":true},"25":{"start":{"line":97,"column":20},"end":{"line":97,"column":48},"skip":true},"26":{"start":{"line":100,"column":20},"end":{"line":100,"column":85},"skip":true},"27":{"start":{"line":101,"column":20},"end":{"line":101,"column":96},"skip":true},"28":{"start":{"line":103,"column":16},"end":{"line":103,"column":22},"skip":true},"29":{"start":{"line":106,"column":16},"end":{"line":106,"column":22},"skip":true},"30":{"start":{"line":108,"column":12},"end":{"line":120,"column":13},"skip":true},"31":{"start":{"line":114,"column":16},"end":{"line":119,"column":17},"skip":true},"32":{"start":{"line":116,"column":20},"end":{"line":116,"column":78},"skip":true},"33":{"start":{"line":118,"column":20},"end":{"line":118,"column":47},"skip":true},"34":{"start":{"line":123,"column":8},"end":{"line":141,"column":11},"skip":true},"35":{"start":{"line":124,"column":12},"end":{"line":124,"column":54},"skip":true},"36":{"start":{"line":125,"column":12},"end":{"line":140,"column":14},"skip":true},"37":{"start":{"line":126,"column":16},"end":{"line":126,"column":28},"skip":true},"38":{"start":{"line":127,"column":16},"end":{"line":127,"column":69},"skip":true},"39":{"start":{"line":128,"column":16},"end":{"line":128,"column":75},"skip":true},"40":{"start":{"line":129,"column":16},"end":{"line":131,"column":17},"skip":true},"41":{"start":{"line":130,"column":20},"end":{"line":130,"column":27},"skip":true},"42":{"start":{"line":133,"column":16},"end":{"line":137,"column":36},"skip":true},"43":{"start":{"line":134,"column":20},"end":{"line":136,"column":55},"skip":true},"44":{"start":{"line":139,"column":16},"end":{"line":139,"column":57},"skip":true},"45":{"start":{"line":143,"column":8},"end":{"line":147,"column":11},"skip":true},"46":{"start":{"line":144,"column":12},"end":{"line":146,"column":15},"skip":true},"47":{"start":{"line":145,"column":16},"end":{"line":145,"column":70},"skip":true},"48":{"start":{"line":149,"column":8},"end":{"line":149,"column":31},"skip":true},"49":{"start":{"line":150,"column":8},"end":{"line":150,"column":14},"skip":true},"50":{"start":{"line":158,"column":8},"end":{"line":158,"column":31},"skip":true},"51":{"start":{"line":160,"column":8},"end":{"line":160,"column":33},"skip":true},"52":{"start":{"line":161,"column":8},"end":{"line":161,"column":37},"skip":true},"53":{"start":{"line":162,"column":8},"end":{"line":162,"column":35},"skip":true},"54":{"start":{"line":164,"column":8},"end":{"line":164,"column":50},"skip":true},"55":{"start":{"line":166,"column":8},"end":{"line":256,"column":2},"skip":true},"56":{"start":{"line":258,"column":8},"end":{"line":286,"column":9},"skip":true},"57":{"start":{"line":259,"column":12},"end":{"line":269,"column":14},"skip":true},"58":{"start":{"line":271,"column":12},"end":{"line":285,"column":19},"skip":true},"59":{"start":{"line":274,"column":20},"end":{"line":274,"column":35},"skip":true},"60":{"start":{"line":275,"column":20},"end":{"line":284,"column":21},"skip":true},"61":{"start":{"line":277,"column":24},"end":{"line":277,"column":64},"skip":true},"62":{"start":{"line":279,"column":24},"end":{"line":279,"column":40},"skip":true},"63":{"start":{"line":281,"column":24},"end":{"line":281,"column":40},"skip":true},"64":{"start":{"line":283,"column":24},"end":{"line":283,"column":39},"skip":true},"65":{"start":{"line":288,"column":8},"end":{"line":290,"column":9},"skip":true},"66":{"start":{"line":289,"column":12},"end":{"line":289,"column":18},"skip":true},"67":{"start":{"line":291,"column":8},"end":{"line":293,"column":54},"skip":true},"68":{"start":{"line":294,"column":8},"end":{"line":301,"column":37},"skip":true},"69":{"start":{"line":302,"column":8},"end":{"line":302,"column":82},"skip":true},"70":{"start":{"line":305,"column":8},"end":{"line":307,"column":9},"skip":true},"71":{"start":{"line":306,"column":12},"end":{"line":306,"column":82},"skip":true},"72":{"start":{"line":309,"column":8},"end":{"line":311,"column":9},"skip":true},"73":{"start":{"line":310,"column":12},"end":{"line":310,"column":18},"skip":true},"74":{"start":{"line":312,"column":8},"end":{"line":312,"column":54},"skip":true},"75":{"start":{"line":313,"column":8},"end":{"line":313,"column":69},"skip":true},"76":{"start":{"line":314,"column":8},"end":{"line":322,"column":36},"skip":true},"77":{"start":{"line":315,"column":12},"end":{"line":315,"column":61},"skip":true},"78":{"start":{"line":316,"column":12},"end":{"line":319,"column":13},"skip":true},"79":{"start":{"line":317,"column":16},"end":{"line":317,"column":75},"skip":true},"80":{"start":{"line":318,"column":16},"end":{"line":318,"column":23},"skip":true},"81":{"start":{"line":320,"column":12},"end":{"line":320,"column":38},"skip":true},"82":{"start":{"line":321,"column":12},"end":{"line":321,"column":27},"skip":true},"83":{"start":{"line":323,"column":8},"end":{"line":323,"column":14},"skip":true}},"branchMap":{"1":{"line":39,"type":"binary-expr","locations":[{"start":{"line":39,"column":23},"end":{"line":39,"column":62}},{"start":{"line":40,"column":20},"end":{"line":40,"column":70}},{"start":{"line":41,"column":20},"end":{"line":41,"column":71}},{"start":{"line":42,"column":20},"end":{"line":42,"column":29}}]},"2":{"line":44,"type":"binary-expr","locations":[{"start":{"line":44,"column":23},"end":{"line":44,"column":37}},{"start":{"line":45,"column":20},"end":{"line":45,"column":61}},{"start":{"line":46,"column":20},"end":{"line":46,"column":70}},{"start":{"line":47,"column":20},"end":{"line":47,"column":26}}]},"3":{"line":51,"type":"cond-expr","locations":[{"start":{"line":52,"column":14},"end":{"line":52,"column":20}},{"start":{"line":53,"column":14},"end":{"line":53,"column":20}}]},"4":{"line":55,"type":"binary-expr","locations":[{"start":{"line":55,"column":16},"end":{"line":55,"column":44}},{"start":{"line":55,"column":49},"end":{"line":57,"column":43}}]},"5":{"line":55,"type":"cond-expr","locations":[{"start":{"line":56,"column":14},"end":{"line":56,"column":50}},{"start":{"line":57,"column":14},"end":{"line":57,"column":43}}]},"6":{"line":61,"type":"switch","locations":[{"start":{"line":68,"column":4},"end":{"line":150,"column":14},"skip":true},{"start":{"line":156,"column":4},"end":{"line":323,"column":14},"skip":true}]},"7":{"line":70,"type":"if","locations":[{"start":{"line":70,"column":12},"end":{"line":70,"column":12},"skip":true},{"start":{"line":70,"column":12},"end":{"line":70,"column":12},"skip":true}]},"8":{"line":70,"type":"binary-expr","locations":[{"start":{"line":70,"column":16},"end":{"line":70,"column":22},"skip":true},{"start":{"line":70,"column":27},"end":{"line":70,"column":32},"skip":true},{"start":{"line":71,"column":20},"end":{"line":71,"column":39},"skip":true},{"start":{"line":72,"column":20},"end":{"line":72,"column":49},"skip":true},{"start":{"line":73,"column":20},"end":{"line":73,"column":58},"skip":true},{"start":{"line":74,"column":20},"end":{"line":74,"column":69},"skip":true}]},"9":{"line":79,"type":"switch","locations":[{"start":{"line":80,"column":20},"end":{"line":80,"column":33},"skip":true},{"start":{"line":81,"column":20},"end":{"line":83,"column":30},"skip":true},{"start":{"line":84,"column":20},"end":{"line":85,"column":49},"skip":true}]},"10":{"line":89,"type":"switch","locations":[{"start":{"line":90,"column":12},"end":{"line":103,"column":22},"skip":true},{"start":{"line":105,"column":12},"end":{"line":106,"column":22},"skip":true}]},"11":{"line":89,"type":"binary-expr","locations":[{"start":{"line":89,"column":20},"end":{"line":89,"column":25},"skip":true},{"start":{"line":89,"column":29},"end":{"line":89,"column":48},"skip":true},{"start":{"line":89,"column":52},"end":{"line":89,"column":74},"skip":true}]},"12":{"line":92,"type":"if","locations":[{"start":{"line":92,"column":16},"end":{"line":92,"column":16},"skip":true},{"start":{"line":92,"column":16},"end":{"line":92,"column":16},"skip":true}]},"13":{"line":108,"type":"if","locations":[{"start":{"line":108,"column":12},"end":{"line":108,"column":12},"skip":true},{"start":{"line":108,"column":12},"end":{"line":108,"column":12},"skip":true}]},"14":{"line":108,"type":"binary-expr","locations":[{"start":{"line":108,"column":16},"end":{"line":108,"column":61},"skip":true},{"start":{"line":108,"column":66},"end":{"line":108,"column":72},"skip":true},{"start":{"line":108,"column":77},"end":{"line":108,"column":82},"skip":true},{"start":{"line":109,"column":20},"end":{"line":109,"column":39},"skip":true},{"start":{"line":110,"column":20},"end":{"line":110,"column":49},"skip":true},{"start":{"line":111,"column":20},"end":{"line":111,"column":58},"skip":true},{"start":{"line":112,"column":20},"end":{"line":112,"column":68},"skip":true}]},"15":{"line":129,"type":"if","locations":[{"start":{"line":129,"column":16},"end":{"line":129,"column":16},"skip":true},{"start":{"line":129,"column":16},"end":{"line":129,"column":16},"skip":true}]},"16":{"line":134,"type":"cond-expr","locations":[{"start":{"line":135,"column":26},"end":{"line":135,"column":29},"skip":true},{"start":{"line":136,"column":26},"end":{"line":136,"column":54},"skip":true}]},"17":{"line":164,"type":"binary-expr","locations":[{"start":{"line":164,"column":27},"end":{"line":164,"column":43},"skip":true},{"start":{"line":164,"column":47},"end":{"line":164,"column":49},"skip":true}]},"18":{"line":258,"type":"if","locations":[{"start":{"line":258,"column":8},"end":{"line":258,"column":8},"skip":true},{"start":{"line":258,"column":8},"end":{"line":258,"column":8},"skip":true}]},"19":{"line":275,"type":"switch","locations":[{"start":{"line":276,"column":20},"end":{"line":277,"column":64},"skip":true},{"start":{"line":278,"column":20},"end":{"line":279,"column":40},"skip":true},{"start":{"line":280,"column":20},"end":{"line":281,"column":40},"skip":true},{"start":{"line":282,"column":20},"end":{"line":283,"column":39},"skip":true}]},"20":{"line":288,"type":"if","locations":[{"start":{"line":288,"column":8},"end":{"line":288,"column":8},"skip":true},{"start":{"line":288,"column":8},"end":{"line":288,"column":8},"skip":true}]},"21":{"line":288,"type":"binary-expr","locations":[{"start":{"line":288,"column":12},"end":{"line":288,"column":40},"skip":true},{"start":{"line":288,"column":44},"end":{"line":288,"column":67},"skip":true}]},"22":{"line":292,"type":"binary-expr","locations":[{"start":{"line":292,"column":12},"end":{"line":292,"column":50},"skip":true},{"start":{"line":293,"column":12},"end":{"line":293,"column":53},"skip":true}]},"23":{"line":295,"type":"binary-expr","locations":[{"start":{"line":295,"column":12},"end":{"line":295,"column":64},"skip":true},{"start":{"line":296,"column":12},"end":{"line":301,"column":36},"skip":true}]},"24":{"line":302,"type":"binary-expr","locations":[{"start":{"line":302,"column":43},"end":{"line":302,"column":75},"skip":true},{"start":{"line":302,"column":79},"end":{"line":302,"column":81},"skip":true}]},"25":{"line":305,"type":"if","locations":[{"start":{"line":305,"column":8},"end":{"line":305,"column":8},"skip":true},{"start":{"line":305,"column":8},"end":{"line":305,"column":8},"skip":true}]},"26":{"line":309,"type":"if","locations":[{"start":{"line":309,"column":8},"end":{"line":309,"column":8},"skip":true},{"start":{"line":309,"column":8},"end":{"line":309,"column":8},"skip":true}]},"27":{"line":312,"type":"binary-expr","locations":[{"start":{"line":312,"column":27},"end":{"line":312,"column":43},"skip":true},{"start":{"line":312,"column":47},"end":{"line":312,"column":53},"skip":true}]},"28":{"line":316,"type":"if","locations":[{"start":{"line":316,"column":12},"end":{"line":316,"column":12},"skip":true},{"start":{"line":316,"column":12},"end":{"line":316,"column":12},"skip":true}]}},"code":["/*","example.js","","quickstart example","","instruction","    1. save this script as example.js","    2. run the shell command:","        $ npm install npmtest-tabtab && PORT=8081 node example.js","    3. play with the browser-demo on http://127.0.0.1:8081","*/","","","","/* istanbul instrument in package npmtest_tabtab */","/*jslint","    bitwise: true,","    browser: true,","    maxerr: 8,","    maxlen: 96,","    node: true,","    nomen: true,","    regexp: true,","    stupid: true","*/","(function () {","    'use strict';","    var local;","","","","    // run shared js-env code - pre-init","    (function () {","        // init local","        local = {};","        // init modeJs","        local.modeJs = (function () {","            try {","                return typeof navigator.userAgent === 'string' &&","                    typeof document.querySelector('body') === 'object' &&","                    typeof XMLHttpRequest.prototype.open === 'function' &&","                    'browser';","            } catch (errorCaughtBrowser) {","                return module.exports &&","                    typeof process.versions.node === 'string' &&","                    typeof require('http').createServer === 'function' &&","                    'node';","            }","        }());","        // init global","        local.global = local.modeJs === 'browser'","            ? window","            : global;","        // init utility2_rollup","        local = local.global.utility2_rollup || (local.modeJs === 'browser'","            ? local.global.utility2_npmtest_tabtab","            : global.utility2_moduleExports);","        // export local","        local.global.local = local;","    }());","    switch (local.modeJs) {","","","","    // post-init","    // run browser js-env code - post-init","    /* istanbul ignore next */","    case 'browser':","        local.testRunBrowser = function (event) {","            if (!event || (event &&","                    event.currentTarget &&","                    event.currentTarget.className &&","                    event.currentTarget.className.includes &&","                    event.currentTarget.className.includes('onreset'))) {","                // reset output","                Array.from(","                    document.querySelectorAll('body > .resettable')","                ).forEach(function (element) {","                    switch (element.tagName) {","                    case 'INPUT':","                    case 'TEXTAREA':","                        element.value = '';","                        break;","                    default:","                        element.textContent = '';","                    }","                });","            }","            switch (event && event.currentTarget && event.currentTarget.id) {","            case 'testRunButton1':","                // show tests","                if (document.querySelector('#testReportDiv1').style.display === 'none') {","                    document.querySelector('#testReportDiv1').style.display = 'block';","                    document.querySelector('#testRunButton1').textContent =","                        'hide internal test';","                    local.modeTest = true;","                    local.testRunDefault(local);","                // hide tests","                } else {","                    document.querySelector('#testReportDiv1').style.display = 'none';","                    document.querySelector('#testRunButton1').textContent = 'run internal test';","                }","                break;","            // custom-case","            default:","                break;","            }","            if (document.querySelector('#inputTextareaEval1') && (!event || (event &&","                    event.currentTarget &&","                    event.currentTarget.className &&","                    event.currentTarget.className.includes &&","                    event.currentTarget.className.includes('oneval')))) {","                // try to eval input-code","                try {","                    /*jslint evil: true*/","                    eval(document.querySelector('#inputTextareaEval1').value);","                } catch (errorCaught) {","                    console.error(errorCaught);","                }","            }","        };","        // log stderr and stdout to #outputTextareaStdout1","        ['error', 'log'].forEach(function (key) {","            console[key + '_original'] = console[key];","            console[key] = function () {","                var element;","                console[key + '_original'].apply(console, arguments);","                element = document.querySelector('#outputTextareaStdout1');","                if (!element) {","                    return;","                }","                // append text to #outputTextareaStdout1","                element.value += Array.from(arguments).map(function (arg) {","                    return typeof arg === 'string'","                        ? arg","                        : JSON.stringify(arg, null, 4);","                }).join(' ') + '\\n';","                // scroll textarea to bottom","                element.scrollTop = element.scrollHeight;","            };","        });","        // init event-handling","        ['change', 'click', 'keyup'].forEach(function (event) {","            Array.from(document.querySelectorAll('.on' + event)).forEach(function (element) {","                element.addEventListener(event, local.testRunBrowser);","            });","        });","        // run tests","        local.testRunBrowser();","        break;","","","","    // run node js-env code - post-init","    /* istanbul ignore next */","    case 'node':","        // export local","        module.exports = local;","        // require modules","        local.fs = require('fs');","        local.http = require('http');","        local.url = require('url');","        // init assets","        local.assetsDict = local.assetsDict || {};","        /* jslint-ignore-begin */","        local.assetsDict['/assets.index.template.html'] = '\\","<!doctype html>\\n\\","<html lang=\"en\">\\n\\","<head>\\n\\","<meta charset=\"UTF-8\">\\n\\","<meta name=\"viewport\" content=\"width=device-width, initial-scale=1\">\\n\\","<title>{{env.npm_package_name}} (v{{env.npm_package_version}})</title>\\n\\","<style>\\n\\","/*csslint\\n\\","    box-sizing: false,\\n\\","    universal-selector: false\\n\\","*/\\n\\","* {\\n\\","    box-sizing: border-box;\\n\\","}\\n\\","body {\\n\\","    background: #dde;\\n\\","    font-family: Arial, Helvetica, sans-serif;\\n\\","    margin: 2rem;\\n\\","}\\n\\","body > * {\\n\\","    margin-bottom: 1rem;\\n\\","}\\n\\",".utility2FooterDiv {\\n\\","    margin-top: 20px;\\n\\","    text-align: center;\\n\\","}\\n\\","</style>\\n\\","<style>\\n\\","/*csslint\\n\\","*/\\n\\","textarea {\\n\\","    font-family: monospace;\\n\\","    height: 10rem;\\n\\","    width: 100%;\\n\\","}\\n\\","textarea[readonly] {\\n\\","    background: #ddd;\\n\\","}\\n\\","</style>\\n\\","</head>\\n\\","<body>\\n\\","<!-- utility2-comment\\n\\","<div id=\"ajaxProgressDiv1\" style=\"background: #d00; height: 2px; left: 0; margin: 0; padding: 0; position: fixed; top: 0; transition: background 0.5s, width 1.5s; width: 25%;\"></div>\\n\\","utility2-comment -->\\n\\","<h1>\\n\\","<!-- utility2-comment\\n\\","    <a\\n\\","        {{#if env.npm_package_homepage}}\\n\\","        href=\"{{env.npm_package_homepage}}\"\\n\\","        {{/if env.npm_package_homepage}}\\n\\","        target=\"_blank\"\\n\\","    >\\n\\","utility2-comment -->\\n\\","        {{env.npm_package_name}} (v{{env.npm_package_version}})\\n\\","<!-- utility2-comment\\n\\","    </a>\\n\\","utility2-comment -->\\n\\","</h1>\\n\\","<h3>{{env.npm_package_description}}</h3>\\n\\","<!-- utility2-comment\\n\\","<h4><a download href=\"assets.app.js\">download standalone app</a></h4>\\n\\","<button class=\"onclick onreset\" id=\"testRunButton1\">run internal test</button><br>\\n\\","<div id=\"testReportDiv1\" style=\"display: none;\"></div>\\n\\","utility2-comment -->\\n\\","\\n\\","\\n\\","\\n\\","<label>stderr and stdout</label>\\n\\","<textarea class=\"resettable\" id=\"outputTextareaStdout1\" readonly></textarea>\\n\\","<!-- utility2-comment\\n\\","{{#if isRollup}}\\n\\","<script src=\"assets.app.js\"></script>\\n\\","{{#unless isRollup}}\\n\\","utility2-comment -->\\n\\","<script src=\"assets.utility2.rollup.js\"></script>\\n\\","<script src=\"jsonp.utility2._stateInit?callback=window.utility2._stateInit\"></script>\\n\\","<script src=\"assets.npmtest_tabtab.rollup.js\"></script>\\n\\","<script src=\"assets.example.js\"></script>\\n\\","<script src=\"assets.test.js\"></script>\\n\\","<!-- utility2-comment\\n\\","{{/if isRollup}}\\n\\","utility2-comment -->\\n\\","<div class=\"utility2FooterDiv\">\\n\\","    [ this app was created with\\n\\","    <a href=\"https://github.com/kaizhu256/node-utility2\" target=\"_blank\">utility2</a>\\n\\","    ]\\n\\","</div>\\n\\","</body>\\n\\","</html>\\n\\","';","        /* jslint-ignore-end */","        if (local.templateRender) {","            local.assetsDict['/'] = local.templateRender(","                local.assetsDict['/assets.index.template.html'],","                {","                    env: local.objectSetDefault(local.env, {","                        npm_package_description: 'the greatest app in the world!',","                        npm_package_name: 'my-app',","                        npm_package_nameAlias: 'my_app',","                        npm_package_version: '0.0.1'","                    })","                }","            );","        } else {","            local.assetsDict['/'] = local.assetsDict['/assets.index.template.html']","                .replace((/\\{\\{env\\.(\\w+?)\\}\\}/g), function (match0, match1) {","                    // jslint-hack","                    String(match0);","                    switch (match1) {","                    case 'npm_package_description':","                        return 'the greatest app in the world!';","                    case 'npm_package_name':","                        return 'my-app';","                    case 'npm_package_nameAlias':","                        return 'my_app';","                    case 'npm_package_version':","                        return '0.0.1';","                    }","                });","        }","        // run the cli","        if (local.global.utility2_rollup || module !== require.main) {","            break;","        }","        local.assetsDict['/assets.example.js'] =","            local.assetsDict['/assets.example.js'] ||","            local.fs.readFileSync(__filename, 'utf8');","        local.assetsDict['/assets.npmtest_tabtab.rollup.js'] =","            local.assetsDict['/assets.npmtest_tabtab.rollup.js'] ||","            local.fs.readFileSync(","                // buildCustomOrg-hack","                local.npmtest_tabtab.__dirname +","                    '/lib.npmtest_tabtab.js',","                'utf8'","            ).replace((/^#!/), '//');","        local.assetsDict['/favicon.ico'] = local.assetsDict['/favicon.ico'] || '';","        // if $npm_config_timeout_exit exists,","        // then exit this process after $npm_config_timeout_exit ms","        if (Number(process.env.npm_config_timeout_exit)) {","            setTimeout(process.exit, Number(process.env.npm_config_timeout_exit));","        }","        // start server","        if (local.global.utility2_serverHttp1) {","            break;","        }","        process.env.PORT = process.env.PORT || '8081';","        console.error('server starting on port ' + process.env.PORT);","        local.http.createServer(function (request, response) {","            request.urlParsed = local.url.parse(request.url);","            if (local.assetsDict[request.urlParsed.pathname] !== undefined) {","                response.end(local.assetsDict[request.urlParsed.pathname]);","                return;","            }","            response.statusCode = 404;","            response.end();","        }).listen(process.env.PORT);","        break;","    }","}());",""],"l":{"26":2,"28":2,"33":2,"35":2,"37":2,"38":2,"39":2,"44":1,"51":2,"55":2,"59":2,"61":2,"69":1,"70":2,"76":2,"79":2,"82":2,"83":2,"85":1,"89":2,"92":1,"93":1,"94":1,"96":1,"97":1,"100":1,"101":1,"103":1,"106":1,"108":2,"114":1,"116":1,"118":1,"123":1,"124":2,"125":2,"126":3,"127":3,"128":3,"129":3,"130":1,"133":3,"134":3,"139":3,"143":1,"144":3,"145":1,"149":1,"150":1,"158":1,"160":1,"161":1,"162":1,"164":1,"166":1,"258":1,"259":1,"271":1,"274":6,"275":6,"277":1,"279":2,"281":1,"283":2,"288":1,"289":1,"291":1,"294":1,"302":1,"305":1,"306":1,"309":1,"310":1,"312":1,"313":1,"314":1,"315":1,"316":1,"317":1,"318":1,"320":1,"321":1,"323":1}},"/home/travis/build/npmtest/node-npmtest-tabtab/node_modules/tabtab/index.js":{"path":"/home/travis/build/npmtest/node-npmtest-tabtab/node_modules/tabtab/index.js","s":{"1":1},"b":{},"f":{},"fnMap":{},"statementMap":{"1":{"start":{"line":1,"column":0},"end":{"line":1,"column":47}}},"branchMap":{},"code":["var tabtab = module.exports = require('./src');",""],"l":{"1":1}},"/home/travis/build/npmtest/node-npmtest-tabtab/node_modules/tabtab/src/index.js":{"path":"/home/travis/build/npmtest/node-npmtest-tabtab/node_modules/tabtab/src/index.js","s":{"1":1,"2":1,"3":1,"4":1,"5":1,"6":0},"b":{},"f":{"1":0},"fnMap":{"1":{"name":"tabtab","line":25,"loc":{"start":{"line":25,"column":0},"end":{"line":25,"column":25}}}},"statementMap":{"1":{"start":{"line":3,"column":0},"end":{"line":3,"column":37}},"2":{"start":{"line":5,"column":0},"end":{"line":5,"column":24}},"3":{"start":{"line":6,"column":0},"end":{"line":6,"column":40}},"4":{"start":{"line":7,"column":0},"end":{"line":7,"column":27}},"5":{"start":{"line":25,"column":0},"end":{"line":27,"column":1}},"6":{"start":{"line":26,"column":2},"end":{"line":26,"column":31}}},"branchMap":{},"code":["'use strict';","","var Complete = require('./complete');","","module.exports = tabtab;","tabtab.Commands = require('./commands');","tabtab.Complete = Complete;","","// Public: Tabtab entry point.","//","// It provides the main API to the completion and plumbing system, in the form","// of an EventEmitter with the following events.","//","// options - The options hash as parsed by minimist (default: {})","//","// Examples","//","//    // The binary name being completed.","//    complete.on('name', function(data, done) {});","//","//    // The very last word being completed, preceding the cursor tab position","//    complete.on('list', function(data, done) {});","//","// Returns an instance of Complete.","function tabtab(options) {","  return new Complete(options);","}"],"l":{"3":1,"5":1,"6":1,"7":1,"25":1,"26":0}},"/home/travis/build/npmtest/node-npmtest-tabtab/node_modules/tabtab/src/complete.js":{"path":"/home/travis/build/npmtest/node-npmtest-tabtab/node_modules/tabtab/src/complete.js","s":{"1":1,"2":0,"3":0,"4":1,"5":1,"6":2,"7":14,"8":14,"9":14,"10":14,"11":13,"12":14,"13":1,"14":2,"15":2,"16":2,"17":0,"18":2,"19":1,"20":0,"21":0,"22":1,"23":0,"24":0,"25":0,"26":1,"27":1,"28":0,"29":1,"30":1,"31":1,"32":1,"33":1,"34":1,"35":1,"36":1,"37":1,"38":1,"39":1,"40":1,"41":1,"42":1,"43":1,"44":1,"45":1,"46":1,"47":0,"48":1,"49":0,"50":0,"51":0,"52":0,"53":0,"54":0,"55":0,"56":0,"57":0,"58":1,"59":0,"60":0,"61":0,"62":0,"63":0,"64":0,"65":0,"66":0,"67":0,"68":0,"69":0,"70":0,"71":0,"72":0,"73":0,"74":0,"75":0,"76":0,"77":0,"78":0,"79":0,"80":0,"81":0,"82":0,"83":0,"84":0,"85":0,"86":0,"87":0,"88":0,"89":0,"90":0,"91":0,"92":0,"93":0,"94":0,"95":0,"96":0,"97":0,"98":0,"99":0,"100":0,"101":0,"102":0,"103":0,"104":0,"105":0,"106":0,"107":0,"108":0,"109":0,"110":0,"111":0,"112":0,"113":0,"114":0,"115":0,"116":0,"117":0,"118":0,"119":0,"120":0,"121":0,"122":0,"123":0,"124":0,"125":0,"126":0,"127":0,"128":0,"129":0,"130":0,"131":0,"132":0,"133":0,"134":0,"135":0,"136":0,"137":0,"138":0,"139":0,"140":0,"141":0,"142":0,"143":0,"144":0,"145":0,"146":0,"147":0,"148":0,"149":0,"150":0,"151":0,"152":0,"153":0,"154":0,"155":0,"156":0,"157":0,"158":0,"159":0,"160":0,"161":0,"162":0,"163":0,"164":0,"165":0,"166":0,"167":0,"168":0,"169":0,"170":0,"171":0,"172":0,"173":0,"174":0,"175":0,"176":0,"177":0,"178":0,"179":0,"180":0,"181":0,"182":0,"183":0,"184":0,"185":0,"186":0,"187":0,"188":0,"189":0,"190":0,"191":0,"192":0,"193":0,"194":1,"195":1,"196":1},"b":{"1":[1,0],"2":[1,1],"3":[0,0],"4":[0,0,0,0],"5":[14,14],"6":[13,1],"7":[2,0],"8":[0,2],"9":[0,0],"10":[0,0],"11":[0,0],"12":[0,0,0],"13":[0,1],"14":[1,0],"15":[1,1],"16":[1,0],"17":[1,0],"18":[0,0],"19":[0,0],"20":[0,0],"21":[0,0],"22":[0,0],"23":[0,0],"24":[0,0],"25":[0,0],"26":[0,0],"27":[0,0,0],"28":[0,0],"29":[0,0],"30":[0,0],"31":[0,0],"32":[0,0],"33":[0,0],"34":[0,0],"35":[0,0],"36":[0,0],"37":[0,0],"38":[0,0],"39":[0,0],"40":[0,0],"41":[0,0],"42":[0,0],"43":[0,0],"44":[0,0],"45":[0,0],"46":[0,0],"47":[0,0],"48":[0,0],"49":[0,0],"50":[0,0],"51":[0,0],"52":[0,0],"53":[0,0],"54":[0,0],"55":[0,0],"56":[0,0],"57":[0,0],"58":[0,0],"59":[0,0],"60":[0,0],"61":[0,0],"62":[0,0],"63":[0,0],"64":[0,0],"65":[0,0],"66":[0,0,0],"67":[0,0],"68":[0,0],"69":[0,0],"70":[0,0],"71":[0,0],"72":[0,0],"73":[0,0],"74":[0,0],"75":[0,0]},"f":{"1":0,"2":0,"3":1,"4":2,"5":2,"6":0,"7":0,"8":1,"9":1,"10":0,"11":0,"12":0,"13":0,"14":0,"15":0,"16":0,"17":0,"18":0,"19":0,"20":0,"21":0,"22":0,"23":0,"24":0,"25":0,"26":0,"27":0,"28":0},"fnMap":{"1":{"name":"(anonymous_1)","line":3,"loc":{"start":{"line":3,"column":84},"end":{"line":3,"column":99}}},"2":{"name":"(anonymous_2)","line":3,"loc":{"start":{"line":3,"column":124},"end":{"line":3,"column":139}}},"3":{"name":"(anonymous_3)","line":5,"loc":{"start":{"line":5,"column":19},"end":{"line":5,"column":31}}},"4":{"name":"defineProperties","line":5,"loc":{"start":{"line":5,"column":33},"end":{"line":5,"column":74}}},"5":{"name":"(anonymous_5)","line":5,"loc":{"start":{"line":5,"column":357},"end":{"line":5,"column":405}}},"6":{"name":"_classCallCheck","line":7,"loc":{"start":{"line":7,"column":0},"end":{"line":7,"column":48}}},"7":{"name":"_possibleConstructorReturn","line":9,"loc":{"start":{"line":9,"column":0},"end":{"line":9,"column":48}}},"8":{"name":"_inherits","line":11,"loc":{"start":{"line":11,"column":0},"end":{"line":11,"column":41}}},"9":{"name":"(anonymous_9)","line":42,"loc":{"start":{"line":42,"column":15},"end":{"line":42,"column":40}}},"10":{"name":"get","line":54,"loc":{"start":{"line":54,"column":9},"end":{"line":54,"column":24}}},"11":{"name":"Complete","line":81,"loc":{"start":{"line":81,"column":2},"end":{"line":81,"column":29}}},"12":{"name":"start","line":98,"loc":{"start":{"line":98,"column":11},"end":{"line":98,"column":28}}},"13":{"name":"handle","line":112,"loc":{"start":{"line":112,"column":11},"end":{"line":112,"column":36}}},"14":{"name":"(anonymous_14)","line":130,"loc":{"start":{"line":130,"column":32},"end":{"line":130,"column":44}}},"15":{"name":"(anonymous_15)","line":142,"loc":{"start":{"line":142,"column":23},"end":{"line":142,"column":35}}},"16":{"name":"output","line":163,"loc":{"start":{"line":163,"column":11},"end":{"line":163,"column":36}}},"17":{"name":"(anonymous_17)","line":169,"loc":{"start":{"line":169,"column":33},"end":{"line":169,"column":48}}},"18":{"name":"send","line":186,"loc":{"start":{"line":186,"column":11},"end":{"line":186,"column":41}}},"19":{"name":"completePackage","line":193,"loc":{"start":{"line":193,"column":11},"end":{"line":193,"column":47}}},"20":{"name":"recv","line":242,"loc":{"start":{"line":242,"column":11},"end":{"line":242,"column":48}}},"21":{"name":"addCompletions","line":257,"loc":{"start":{"line":257,"column":11},"end":{"line":257,"column":48}}},"22":{"name":"(anonymous_22)","line":261,"loc":{"start":{"line":261,"column":61},"end":{"line":261,"column":77}}},"23":{"name":"completionItem","line":269,"loc":{"start":{"line":269,"column":11},"end":{"line":269,"column":40}}},"24":{"name":"parseEnv","line":319,"loc":{"start":{"line":319,"column":11},"end":{"line":319,"column":38}}},"25":{"name":"script","line":372,"loc":{"start":{"line":372,"column":11},"end":{"line":372,"column":51}}},"26":{"name":"findParent","line":380,"loc":{"start":{"line":380,"column":11},"end":{"line":380,"column":45}}},"27":{"name":"findUp","line":390,"loc":{"start":{"line":390,"column":11},"end":{"line":390,"column":38}}},"28":{"name":"resolve","line":409,"loc":{"start":{"line":409,"column":11},"end":{"line":409,"column":34}}}},"statementMap":{"1":{"start":{"line":3,"column":0},"end":{"line":3,"column":269}},"2":{"start":{"line":3,"column":101},"end":{"line":3,"column":119}},"3":{"start":{"line":3,"column":141},"end":{"line":3,"column":266}},"4":{"start":{"line":5,"column":0},"end":{"line":5,"column":564}},"5":{"start":{"line":5,"column":33},"end":{"line":5,"column":349}},"6":{"start":{"line":5,"column":76},"end":{"line":5,"column":347}},"7":{"start":{"line":5,"column":117},"end":{"line":5,"column":143}},"8":{"start":{"line":5,"column":144},"end":{"line":5,"column":199}},"9":{"start":{"line":5,"column":200},"end":{"line":5,"column":231}},"10":{"start":{"line":5,"column":232},"end":{"line":5,"column":286}},"11":{"start":{"line":5,"column":259},"end":{"line":5,"column":286}},"12":{"start":{"line":5,"column":287},"end":{"line":5,"column":345}},"13":{"start":{"line":5,"column":350},"end":{"line":5,"column":559}},"14":{"start":{"line":5,"column":407},"end":{"line":5,"column":475}},"15":{"start":{"line":5,"column":423},"end":{"line":5,"column":475}},"16":{"start":{"line":5,"column":476},"end":{"line":5,"column":536}},"17":{"start":{"line":5,"column":493},"end":{"line":5,"column":536}},"18":{"start":{"line":5,"column":537},"end":{"line":5,"column":556}},"19":{"start":{"line":7,"column":0},"end":{"line":7,"column":153}},"20":{"start":{"line":7,"column":50},"end":{"line":7,"column":151}},"21":{"start":{"line":7,"column":92},"end":{"line":7,"column":149}},"22":{"start":{"line":9,"column":0},"end":{"line":9,"column":240}},"23":{"start":{"line":9,"column":50},"end":{"line":9,"column":151}},"24":{"start":{"line":9,"column":63},"end":{"line":9,"column":149}},"25":{"start":{"line":9,"column":152},"end":{"line":9,"column":238}},"26":{"start":{"line":11,"column":0},"end":{"line":11,"column":494}},"27":{"start":{"line":11,"column":43},"end":{"line":11,"column":208}},"28":{"start":{"line":11,"column":106},"end":{"line":11,"column":206}},"29":{"start":{"line":11,"column":209},"end":{"line":11,"column":373}},"30":{"start":{"line":11,"column":374},"end":{"line":11,"column":492}},"31":{"start":{"line":11,"column":390},"end":{"line":11,"column":492}},"32":{"start":{"line":13,"column":0},"end":{"line":13,"column":23}},"33":{"start":{"line":14,"column":0},"end":{"line":14,"column":27}},"34":{"start":{"line":15,"column":0},"end":{"line":15,"column":27}},"35":{"start":{"line":16,"column":0},"end":{"line":16,"column":27}},"36":{"start":{"line":17,"column":0},"end":{"line":17,"column":21}},"37":{"start":{"line":18,"column":0},"end":{"line":18,"column":50}},"38":{"start":{"line":19,"column":0},"end":{"line":19,"column":38}},"39":{"start":{"line":20,"column":0},"end":{"line":20,"column":34}},"40":{"start":{"line":21,"column":0},"end":{"line":21,"column":46}},"41":{"start":{"line":23,"column":0},"end":{"line":23,"column":33}},"42":{"start":{"line":25,"column":0},"end":{"line":25,"column":41}},"43":{"start":{"line":27,"column":0},"end":{"line":27,"column":36}},"44":{"start":{"line":42,"column":0},"end":{"line":429,"column":16}},"45":{"start":{"line":43,"column":2},"end":{"line":43,"column":37}},"46":{"start":{"line":45,"column":2},"end":{"line":79,"column":6}},"47":{"start":{"line":55,"column":6},"end":{"line":57,"column":8}},"48":{"start":{"line":81,"column":2},"end":{"line":94,"column":3}},"49":{"start":{"line":82,"column":4},"end":{"line":82,"column":36}},"50":{"start":{"line":84,"column":4},"end":{"line":84,"column":117}},"51":{"start":{"line":86,"column":4},"end":{"line":86,"column":46}},"52":{"start":{"line":87,"column":4},"end":{"line":87,"column":69}},"53":{"start":{"line":88,"column":4},"end":{"line":88,"column":98}},"54":{"start":{"line":89,"column":4},"end":{"line":89,"column":59}},"55":{"start":{"line":91,"column":4},"end":{"line":91,"column":24}},"56":{"start":{"line":92,"column":4},"end":{"line":92,"column":28}},"57":{"start":{"line":93,"column":4},"end":{"line":93,"column":17}},"58":{"start":{"line":96,"column":2},"end":{"line":426,"column":6}},"59":{"start":{"line":99,"column":6},"end":{"line":99,"column":20}},"60":{"start":{"line":113,"column":6},"end":{"line":113,"column":24}},"61":{"start":{"line":115,"column":6},"end":{"line":115,"column":50}},"62":{"start":{"line":116,"column":6},"end":{"line":116,"column":30}},"63":{"start":{"line":117,"column":6},"end":{"line":117,"column":66}},"64":{"start":{"line":117,"column":17},"end":{"line":117,"column":66}},"65":{"start":{"line":119,"column":6},"end":{"line":119,"column":50}},"66":{"start":{"line":120,"column":6},"end":{"line":120,"column":47}},"67":{"start":{"line":120,"column":40},"end":{"line":120,"column":47}},"68":{"start":{"line":122,"column":6},"end":{"line":122,"column":51}},"69":{"start":{"line":123,"column":6},"end":{"line":123,"column":37}},"70":{"start":{"line":124,"column":6},"end":{"line":124,"column":38}},"71":{"start":{"line":124,"column":17},"end":{"line":124,"column":38}},"72":{"start":{"line":126,"column":6},"end":{"line":126,"column":53}},"73":{"start":{"line":127,"column":6},"end":{"line":127,"column":39}},"74":{"start":{"line":129,"column":6},"end":{"line":136,"column":7}},"75":{"start":{"line":130,"column":8},"end":{"line":135,"column":11}},"76":{"start":{"line":132,"column":10},"end":{"line":132,"column":45}},"77":{"start":{"line":133,"column":10},"end":{"line":133,"column":38}},"78":{"start":{"line":134,"column":10},"end":{"line":134,"column":37}},"79":{"start":{"line":138,"column":6},"end":{"line":140,"column":7}},"80":{"start":{"line":139,"column":8},"end":{"line":139,"column":65}},"81":{"start":{"line":142,"column":6},"end":{"line":159,"column":9}},"82":{"start":{"line":143,"column":8},"end":{"line":143,"column":36}},"83":{"start":{"line":145,"column":8},"end":{"line":145,"column":35}},"84":{"start":{"line":146,"column":8},"end":{"line":146,"column":27}},"85":{"start":{"line":150,"column":8},"end":{"line":150,"column":58}},"86":{"start":{"line":152,"column":8},"end":{"line":152,"column":77}},"87":{"start":{"line":152,"column":28},"end":{"line":152,"column":77}},"88":{"start":{"line":153,"column":8},"end":{"line":153,"column":94}},"89":{"start":{"line":153,"column":45},"end":{"line":153,"column":94}},"90":{"start":{"line":155,"column":8},"end":{"line":158,"column":9}},"91":{"start":{"line":156,"column":10},"end":{"line":156,"column":50}},"92":{"start":{"line":157,"column":10},"end":{"line":157,"column":49}},"93":{"start":{"line":164,"column":6},"end":{"line":164,"column":24}},"94":{"start":{"line":166,"column":6},"end":{"line":166,"column":68}},"95":{"start":{"line":168,"column":6},"end":{"line":172,"column":7}},"96":{"start":{"line":169,"column":8},"end":{"line":171,"column":11}},"97":{"start":{"line":170,"column":10},"end":{"line":170,"column":52}},"98":{"start":{"line":175,"column":6},"end":{"line":175,"column":30}},"99":{"start":{"line":178,"column":6},"end":{"line":178,"column":55}},"100":{"start":{"line":179,"column":6},"end":{"line":179,"column":60}},"101":{"start":{"line":181,"column":6},"end":{"line":181,"column":43}},"102":{"start":{"line":182,"column":6},"end":{"line":182,"column":38}},"103":{"start":{"line":187,"column":6},"end":{"line":187,"column":42}},"104":{"start":{"line":188,"column":6},"end":{"line":188,"column":53}},"105":{"start":{"line":189,"column":6},"end":{"line":189,"column":17}},"106":{"start":{"line":194,"column":6},"end":{"line":194,"column":42}},"107":{"start":{"line":195,"column":6},"end":{"line":195,"column":26}},"108":{"start":{"line":195,"column":19},"end":{"line":195,"column":26}},"109":{"start":{"line":197,"column":6},"end":{"line":197,"column":46}},"110":{"start":{"line":199,"column":6},"end":{"line":199,"column":47}},"111":{"start":{"line":200,"column":6},"end":{"line":200,"column":43}},"112":{"start":{"line":201,"column":6},"end":{"line":201,"column":24}},"113":{"start":{"line":201,"column":17},"end":{"line":201,"column":24}},"114":{"start":{"line":203,"column":6},"end":{"line":208,"column":7}},"115":{"start":{"line":204,"column":8},"end":{"line":204,"column":43}},"116":{"start":{"line":205,"column":8},"end":{"line":205,"column":36}},"117":{"start":{"line":206,"column":8},"end":{"line":206,"column":29}},"118":{"start":{"line":206,"column":22},"end":{"line":206,"column":29}},"119":{"start":{"line":207,"column":8},"end":{"line":207,"column":45}},"120":{"start":{"line":212,"column":6},"end":{"line":212,"column":33}},"121":{"start":{"line":213,"column":6},"end":{"line":213,"column":54}},"122":{"start":{"line":215,"column":6},"end":{"line":227,"column":7}},"123":{"start":{"line":216,"column":8},"end":{"line":226,"column":9}},"124":{"start":{"line":217,"column":10},"end":{"line":217,"column":56}},"125":{"start":{"line":218,"column":10},"end":{"line":218,"column":47}},"126":{"start":{"line":219,"column":10},"end":{"line":225,"column":20}},"127":{"start":{"line":229,"column":6},"end":{"line":229,"column":18}},"128":{"start":{"line":243,"column":6},"end":{"line":243,"column":31}},"129":{"start":{"line":243,"column":24},"end":{"line":243,"column":31}},"130":{"start":{"line":245,"column":6},"end":{"line":245,"column":28}},"131":{"start":{"line":247,"column":6},"end":{"line":247,"column":40}},"132":{"start":{"line":248,"column":6},"end":{"line":248,"column":46}},"133":{"start":{"line":248,"column":15},"end":{"line":248,"column":46}},"134":{"start":{"line":250,"column":6},"end":{"line":250,"column":39}},"135":{"start":{"line":251,"column":6},"end":{"line":251,"column":33}},"136":{"start":{"line":253,"column":6},"end":{"line":253,"column":25}},"137":{"start":{"line":258,"column":6},"end":{"line":258,"column":77}},"138":{"start":{"line":259,"column":6},"end":{"line":259,"column":68}},"139":{"start":{"line":261,"column":6},"end":{"line":263,"column":9}},"140":{"start":{"line":262,"column":8},"end":{"line":262,"column":158}},"141":{"start":{"line":265,"column":6},"end":{"line":265,"column":56}},"142":{"start":{"line":270,"column":6},"end":{"line":270,"column":93}},"143":{"start":{"line":272,"column":6},"end":{"line":272,"column":46}},"144":{"start":{"line":272,"column":35},"end":{"line":272,"column":46}},"145":{"start":{"line":273,"column":6},"end":{"line":273,"column":68}},"146":{"start":{"line":275,"column":6},"end":{"line":275,"column":38}},"147":{"start":{"line":276,"column":6},"end":{"line":276,"column":26}},"148":{"start":{"line":277,"column":6},"end":{"line":277,"column":36}},"149":{"start":{"line":279,"column":6},"end":{"line":281,"column":7}},"150":{"start":{"line":280,"column":8},"end":{"line":280,"column":18}},"151":{"start":{"line":283,"column":6},"end":{"line":285,"column":7}},"152":{"start":{"line":284,"column":8},"end":{"line":284,"column":27}},"153":{"start":{"line":287,"column":6},"end":{"line":290,"column":8}},"154":{"start":{"line":320,"column":6},"end":{"line":320,"column":30}},"155":{"start":{"line":321,"column":6},"end":{"line":321,"column":50}},"156":{"start":{"line":322,"column":6},"end":{"line":322,"column":52}},"157":{"start":{"line":323,"column":6},"end":{"line":323,"column":43}},"158":{"start":{"line":325,"column":6},"end":{"line":325,"column":41}},"159":{"start":{"line":326,"column":6},"end":{"line":326,"column":41}},"160":{"start":{"line":327,"column":6},"end":{"line":327,"column":37}},"161":{"start":{"line":329,"column":6},"end":{"line":329,"column":34}},"162":{"start":{"line":329,"column":24},"end":{"line":329,"column":34}},"163":{"start":{"line":330,"column":6},"end":{"line":330,"column":34}},"164":{"start":{"line":330,"column":24},"end":{"line":330,"column":34}},"165":{"start":{"line":332,"column":6},"end":{"line":332,"column":41}},"166":{"start":{"line":334,"column":6},"end":{"line":334,"column":34}},"167":{"start":{"line":335,"column":6},"end":{"line":335,"column":49}},"168":{"start":{"line":337,"column":6},"end":{"line":337,"column":42}},"169":{"start":{"line":338,"column":6},"end":{"line":338,"column":62}},"170":{"start":{"line":340,"column":6},"end":{"line":340,"column":46}},"171":{"start":{"line":342,"column":6},"end":{"line":344,"column":7}},"172":{"start":{"line":343,"column":8},"end":{"line":343,"column":25}},"173":{"start":{"line":346,"column":6},"end":{"line":356,"column":8}},"174":{"start":{"line":373,"column":6},"end":{"line":373,"column":157}},"175":{"start":{"line":381,"column":6},"end":{"line":381,"column":40}},"176":{"start":{"line":381,"column":26},"end":{"line":381,"column":40}},"177":{"start":{"line":382,"column":6},"end":{"line":382,"column":44}},"178":{"start":{"line":391,"column":6},"end":{"line":391,"column":38}},"179":{"start":{"line":394,"column":6},"end":{"line":394,"column":43}},"180":{"start":{"line":394,"column":36},"end":{"line":394,"column":43}},"181":{"start":{"line":395,"column":6},"end":{"line":395,"column":58}},"182":{"start":{"line":395,"column":35},"end":{"line":395,"column":58}},"183":{"start":{"line":396,"column":6},"end":{"line":396,"column":50}},"184":{"start":{"line":411,"column":6},"end":{"line":411,"column":43}},"185":{"start":{"line":412,"column":6},"end":{"line":412,"column":26}},"186":{"start":{"line":412,"column":19},"end":{"line":412,"column":26}},"187":{"start":{"line":414,"column":6},"end":{"line":414,"column":50}},"188":{"start":{"line":417,"column":6},"end":{"line":419,"column":7}},"189":{"start":{"line":418,"column":8},"end":{"line":418,"column":33}},"190":{"start":{"line":421,"column":6},"end":{"line":421,"column":58}},"191":{"start":{"line":422,"column":6},"end":{"line":422,"column":28}},"192":{"start":{"line":422,"column":21},"end":{"line":422,"column":28}},"193":{"start":{"line":424,"column":6},"end":{"line":424,"column":37}},"194":{"start":{"line":428,"column":2},"end":{"line":428,"column":18}},"195":{"start":{"line":431,"column":0},"end":{"line":431,"column":39}},"196":{"start":{"line":433,"column":0},"end":{"line":433,"column":26}}},"branchMap":{"1":{"line":3,"type":"cond-expr","locations":[{"start":{"line":3,"column":84},"end":{"line":3,"column":121}},{"start":{"line":3,"column":124},"end":{"line":3,"column":268}}]},"2":{"line":3,"type":"binary-expr","locations":[{"start":{"line":3,"column":14},"end":{"line":3,"column":42}},{"start":{"line":3,"column":46},"end":{"line":3,"column":81}}]},"3":{"line":3,"type":"cond-expr","locations":[{"start":{"line":3,"column":244},"end":{"line":3,"column":252}},{"start":{"line":3,"column":255},"end":{"line":3,"column":265}}]},"4":{"line":3,"type":"binary-expr","locations":[{"start":{"line":3,"column":148},"end":{"line":3,"column":151}},{"start":{"line":3,"column":155},"end":{"line":3,"column":183}},{"start":{"line":3,"column":187},"end":{"line":3,"column":213}},{"start":{"line":3,"column":217},"end":{"line":3,"column":241}}]},"5":{"line":5,"type":"binary-expr","locations":[{"start":{"line":5,"column":168},"end":{"line":5,"column":189}},{"start":{"line":5,"column":193},"end":{"line":5,"column":198}}]},"6":{"line":5,"type":"if","locations":[{"start":{"line":5,"column":232},"end":{"line":5,"column":232}},{"start":{"line":5,"column":232},"end":{"line":5,"column":232}}]},"7":{"line":5,"type":"if","locations":[{"start":{"line":5,"column":407},"end":{"line":5,"column":407}},{"start":{"line":5,"column":407},"end":{"line":5,"column":407}}]},"8":{"line":5,"type":"if","locations":[{"start":{"line":5,"column":476},"end":{"line":5,"column":476}},{"start":{"line":5,"column":476},"end":{"line":5,"column":476}}]},"9":{"line":7,"type":"if","locations":[{"start":{"line":7,"column":50},"end":{"line":7,"column":50}},{"start":{"line":7,"column":50},"end":{"line":7,"column":50}}]},"10":{"line":9,"type":"if","locations":[{"start":{"line":9,"column":50},"end":{"line":9,"column":50}},{"start":{"line":9,"column":50},"end":{"line":9,"column":50}}]},"11":{"line":9,"type":"cond-expr","locations":[{"start":{"line":9,"column":226},"end":{"line":9,"column":230}},{"start":{"line":9,"column":233},"end":{"line":9,"column":237}}]},"12":{"line":9,"type":"binary-expr","locations":[{"start":{"line":9,"column":159},"end":{"line":9,"column":163}},{"start":{"line":9,"column":168},"end":{"line":9,"column":192}},{"start":{"line":9,"column":196},"end":{"line":9,"column":222}}]},"13":{"line":11,"type":"if","locations":[{"start":{"line":11,"column":43},"end":{"line":11,"column":43}},{"start":{"line":11,"column":43},"end":{"line":11,"column":43}}]},"14":{"line":11,"type":"binary-expr","locations":[{"start":{"line":11,"column":47},"end":{"line":11,"column":79}},{"start":{"line":11,"column":83},"end":{"line":11,"column":102}}]},"15":{"line":11,"type":"binary-expr","locations":[{"start":{"line":11,"column":244},"end":{"line":11,"column":254}},{"start":{"line":11,"column":258},"end":{"line":11,"column":278}}]},"16":{"line":11,"type":"if","locations":[{"start":{"line":11,"column":374},"end":{"line":11,"column":374}},{"start":{"line":11,"column":374},"end":{"line":11,"column":374}}]},"17":{"line":11,"type":"cond-expr","locations":[{"start":{"line":11,"column":414},"end":{"line":11,"column":457}},{"start":{"line":11,"column":460},"end":{"line":11,"column":491}}]},"18":{"line":56,"type":"cond-expr","locations":[{"start":{"line":56,"column":41},"end":{"line":56,"column":54}},{"start":{"line":56,"column":57},"end":{"line":56,"column":59}}]},"19":{"line":84,"type":"binary-expr","locations":[{"start":{"line":84,"column":50},"end":{"line":84,"column":68}},{"start":{"line":84,"column":72},"end":{"line":84,"column":103}}]},"20":{"line":86,"type":"binary-expr","locations":[{"start":{"line":86,"column":20},"end":{"line":86,"column":27}},{"start":{"line":86,"column":31},"end":{"line":86,"column":45}}]},"21":{"line":87,"type":"binary-expr","locations":[{"start":{"line":87,"column":25},"end":{"line":87,"column":43}},{"start":{"line":87,"column":47},"end":{"line":87,"column":68}}]},"22":{"line":88,"type":"cond-expr","locations":[{"start":{"line":88,"column":71},"end":{"line":88,"column":90}},{"start":{"line":88,"column":93},"end":{"line":88,"column":97}}]},"23":{"line":89,"type":"binary-expr","locations":[{"start":{"line":89,"column":24},"end":{"line":89,"column":41}},{"start":{"line":89,"column":45},"end":{"line":89,"column":58}}]},"24":{"line":117,"type":"if","locations":[{"start":{"line":117,"column":6},"end":{"line":117,"column":6}},{"start":{"line":117,"column":6},"end":{"line":117,"column":6}}]},"25":{"line":120,"type":"if","locations":[{"start":{"line":120,"column":6},"end":{"line":120,"column":6}},{"start":{"line":120,"column":6},"end":{"line":120,"column":6}}]},"26":{"line":124,"type":"if","locations":[{"start":{"line":124,"column":6},"end":{"line":124,"column":6}},{"start":{"line":124,"column":6},"end":{"line":124,"column":6}}]},"27":{"line":126,"type":"binary-expr","locations":[{"start":{"line":126,"column":19},"end":{"line":126,"column":24}},{"start":{"line":126,"column":28},"end":{"line":126,"column":36}},{"start":{"line":126,"column":40},"end":{"line":126,"column":44}}]},"28":{"line":129,"type":"if","locations":[{"start":{"line":129,"column":6},"end":{"line":129,"column":6}},{"start":{"line":129,"column":6},"end":{"line":129,"column":6}}]},"29":{"line":129,"type":"binary-expr","locations":[{"start":{"line":129,"column":10},"end":{"line":129,"column":28}},{"start":{"line":129,"column":32},"end":{"line":129,"column":37}}]},"30":{"line":138,"type":"if","locations":[{"start":{"line":138,"column":6},"end":{"line":138,"column":6}},{"start":{"line":138,"column":6},"end":{"line":138,"column":6}}]},"31":{"line":152,"type":"if","locations":[{"start":{"line":152,"column":8},"end":{"line":152,"column":8}},{"start":{"line":152,"column":8},"end":{"line":152,"column":8}}]},"32":{"line":153,"type":"if","locations":[{"start":{"line":153,"column":8},"end":{"line":153,"column":8}},{"start":{"line":153,"column":8},"end":{"line":153,"column":8}}]},"33":{"line":153,"type":"binary-expr","locations":[{"start":{"line":153,"column":12},"end":{"line":153,"column":26}},{"start":{"line":153,"column":30},"end":{"line":153,"column":43}}]},"34":{"line":155,"type":"if","locations":[{"start":{"line":155,"column":8},"end":{"line":155,"column":8}},{"start":{"line":155,"column":8},"end":{"line":155,"column":8}}]},"35":{"line":166,"type":"binary-expr","locations":[{"start":{"line":166,"column":19},"end":{"line":166,"column":36}},{"start":{"line":166,"column":40},"end":{"line":166,"column":42}}]},"36":{"line":168,"type":"if","locations":[{"start":{"line":168,"column":6},"end":{"line":168,"column":6}},{"start":{"line":168,"column":6},"end":{"line":168,"column":6}}]},"37":{"line":195,"type":"if","locations":[{"start":{"line":195,"column":6},"end":{"line":195,"column":6}},{"start":{"line":195,"column":6},"end":{"line":195,"column":6}}]},"38":{"line":199,"type":"binary-expr","locations":[{"start":{"line":199,"column":18},"end":{"line":199,"column":26}},{"start":{"line":199,"column":30},"end":{"line":199,"column":38}}]},"39":{"line":200,"type":"binary-expr","locations":[{"start":{"line":200,"column":17},"end":{"line":200,"column":21}},{"start":{"line":200,"column":25},"end":{"line":200,"column":42}}]},"40":{"line":201,"type":"if","locations":[{"start":{"line":201,"column":6},"end":{"line":201,"column":6}},{"start":{"line":201,"column":6},"end":{"line":201,"column":6}}]},"41":{"line":203,"type":"if","locations":[{"start":{"line":203,"column":6},"end":{"line":203,"column":6}},{"start":{"line":203,"column":6},"end":{"line":203,"column":6}}]},"42":{"line":206,"type":"if","locations":[{"start":{"line":206,"column":8},"end":{"line":206,"column":8}},{"start":{"line":206,"column":8},"end":{"line":206,"column":8}}]},"43":{"line":215,"type":"if","locations":[{"start":{"line":215,"column":6},"end":{"line":215,"column":6}},{"start":{"line":215,"column":6},"end":{"line":215,"column":6}}]},"44":{"line":216,"type":"if","locations":[{"start":{"line":216,"column":8},"end":{"line":216,"column":8}},{"start":{"line":216,"column":8},"end":{"line":216,"column":8}}]},"45":{"line":216,"type":"binary-expr","locations":[{"start":{"line":216,"column":12},"end":{"line":216,"column":16}},{"start":{"line":216,"column":20},"end":{"line":216,"column":25}}]},"46":{"line":243,"type":"if","locations":[{"start":{"line":243,"column":6},"end":{"line":243,"column":6}},{"start":{"line":243,"column":6},"end":{"line":243,"column":6}}]},"47":{"line":245,"type":"binary-expr","locations":[{"start":{"line":245,"column":12},"end":{"line":245,"column":15}},{"start":{"line":245,"column":19},"end":{"line":245,"column":27}}]},"48":{"line":248,"type":"if","locations":[{"start":{"line":248,"column":6},"end":{"line":
[...]
:129,"type":"if","locations":[{"start":{"line":129,"column":4},"end":{"line":129,"column":4}},{"start":{"line":129,"column":4},"end":{"line":129,"column":4}}]},"19":{"line":154,"type":"if","locations":[{"start":{"line":154,"column":4},"end":{"line":154,"column":4}},{"start":{"line":154,"column":4},"end":{"line":154,"column":4}}]},"20":{"line":158,"type":"binary-expr","locations":[{"start":{"line":158,"column":16},"end":{"line":158,"column":24}},{"start":{"line":158,"column":28},"end":{"line":158,"column":36}}]},"21":{"line":159,"type":"binary-expr","locations":[{"start":{"line":159,"column":15},"end":{"line":159,"column":19}},{"start":{"line":159,"column":23},"end":{"line":159,"column":40}}]},"22":{"line":160,"type":"if","locations":[{"start":{"line":160,"column":4},"end":{"line":160,"column":4}},{"start":{"line":160,"column":4},"end":{"line":160,"column":4}}]},"23":{"line":162,"type":"if","locations":[{"start":{"line":162,"column":4},"end":{"line":162,"column":4}},{"start":{"line":162,"column":4},"end":{"line":162,"column":4}}]},"24":{"line":165,"type":"if","locations":[{"start":{"line":165,"column":6},"end":{"line":165,"column":6}},{"start":{"line":165,"column":6},"end":{"line":165,"column":6}}]},"25":{"line":174,"type":"if","locations":[{"start":{"line":174,"column":4},"end":{"line":174,"column":4}},{"start":{"line":174,"column":4},"end":{"line":174,"column":4}}]},"26":{"line":175,"type":"if","locations":[{"start":{"line":175,"column":6},"end":{"line":175,"column":6}},{"start":{"line":175,"column":6},"end":{"line":175,"column":6}}]},"27":{"line":175,"type":"binary-expr","locations":[{"start":{"line":175,"column":10},"end":{"line":175,"column":14}},{"start":{"line":175,"column":18},"end":{"line":175,"column":23}}]},"28":{"line":199,"type":"if","locations":[{"start":{"line":199,"column":4},"end":{"line":199,"column":4}},{"start":{"line":199,"column":4},"end":{"line":199,"column":4}}]},"29":{"line":201,"type":"binary-expr","locations":[{"start":{"line":201,"column":10},"end":{"line":201,"column":13}},{"start":{"line":201,"column":17},"end":{"line":201,"column":25}}]},"30":{"line":204,"type":"if","locations":[{"start":{"line":204,"column":4},"end":{"line":204,"column":4}},{"start":{"line":204,"column":4},"end":{"line":204,"column":4}}]},"31":{"line":213,"type":"cond-expr","locations":[{"start":{"line":213,"column":47},"end":{"line":213,"column":58}},{"start":{"line":213,"column":61},"end":{"line":213,"column":74}}]},"32":{"line":214,"type":"binary-expr","locations":[{"start":{"line":214,"column":17},"end":{"line":214,"column":34}},{"start":{"line":214,"column":38},"end":{"line":214,"column":40}}]},"33":{"line":217,"type":"cond-expr","locations":[{"start":{"line":217,"column":31},"end":{"line":217,"column":86}},{"start":{"line":218,"column":8},"end":{"line":219,"column":17}}]},"34":{"line":218,"type":"cond-expr","locations":[{"start":{"line":218,"column":27},"end":{"line":218,"column":62}},{"start":{"line":219,"column":8},"end":{"line":219,"column":17}}]},"35":{"line":228,"type":"if","locations":[{"start":{"line":228,"column":4},"end":{"line":228,"column":4}},{"start":{"line":228,"column":4},"end":{"line":228,"column":4}}]},"36":{"line":229,"type":"binary-expr","locations":[{"start":{"line":229,"column":17},"end":{"line":229,"column":34}},{"start":{"line":229,"column":38},"end":{"line":229,"column":40}}]},"37":{"line":235,"type":"if","locations":[{"start":{"line":235,"column":4},"end":{"line":235,"column":4}},{"start":{"line":235,"column":4},"end":{"line":235,"column":4}}]},"38":{"line":239,"type":"if","locations":[{"start":{"line":239,"column":4},"end":{"line":239,"column":4}},{"start":{"line":239,"column":4},"end":{"line":239,"column":4}}]},"39":{"line":239,"type":"binary-expr","locations":[{"start":{"line":239,"column":8},"end":{"line":239,"column":23}},{"start":{"line":239,"column":27},"end":{"line":239,"column":41}}]},"40":{"line":273,"type":"binary-expr","locations":[{"start":{"line":273,"column":14},"end":{"line":273,"column":21}},{"start":{"line":273,"column":25},"end":{"line":273,"column":27}}]},"41":{"line":275,"type":"binary-expr","locations":[{"start":{"line":275,"column":15},"end":{"line":275,"column":24}},{"start":{"line":275,"column":28},"end":{"line":275,"column":49}}]},"42":{"line":276,"type":"binary-expr","locations":[{"start":{"line":276,"column":14},"end":{"line":276,"column":25}},{"start":{"line":276,"column":29},"end":{"line":276,"column":40}}]},"43":{"line":280,"type":"binary-expr","locations":[{"start":{"line":280,"column":15},"end":{"line":280,"column":28}},{"start":{"line":280,"column":32},"end":{"line":280,"column":34}}]},"44":{"line":282,"type":"if","locations":[{"start":{"line":282,"column":4},"end":{"line":282,"column":4}},{"start":{"line":282,"column":4},"end":{"line":282,"column":4}}]},"45":{"line":283,"type":"if","locations":[{"start":{"line":283,"column":4},"end":{"line":283,"column":4}},{"start":{"line":283,"column":4},"end":{"line":283,"column":4}}]},"46":{"line":295,"type":"if","locations":[{"start":{"line":295,"column":4},"end":{"line":295,"column":4}},{"start":{"line":295,"column":4},"end":{"line":295,"column":4}}]},"47":{"line":295,"type":"binary-expr","locations":[{"start":{"line":295,"column":8},"end":{"line":295,"column":23}},{"start":{"line":295,"column":27},"end":{"line":295,"column":64}},{"start":{"line":295,"column":68},"end":{"line":295,"column":104}}]},"48":{"line":308,"type":"binary-expr","locations":[{"start":{"line":308,"column":12},"end":{"line":308,"column":16}},{"start":{"line":308,"column":20},"end":{"line":308,"column":22}}]},"49":{"line":323,"type":"binary-expr","locations":[{"start":{"line":323,"column":46},"end":{"line":323,"column":51}},{"start":{"line":323,"column":55},"end":{"line":323,"column":67}}]},"50":{"line":330,"type":"if","locations":[{"start":{"line":330,"column":4},"end":{"line":330,"column":4}},{"start":{"line":330,"column":4},"end":{"line":330,"column":4}}]},"51":{"line":337,"type":"binary-expr","locations":[{"start":{"line":337,"column":23},"end":{"line":337,"column":26}},{"start":{"line":337,"column":30},"end":{"line":337,"column":34}}]},"52":{"line":340,"type":"if","locations":[{"start":{"line":340,"column":4},"end":{"line":340,"column":4}},{"start":{"line":340,"column":4},"end":{"line":340,"column":4}}]},"53":{"line":341,"type":"if","locations":[{"start":{"line":341,"column":4},"end":{"line":341,"column":4}},{"start":{"line":341,"column":4},"end":{"line":341,"column":4}}]},"54":{"line":355,"type":"if","locations":[{"start":{"line":355,"column":4},"end":{"line":355,"column":4}},{"start":{"line":355,"column":4},"end":{"line":355,"column":4}}]},"55":{"line":360,"type":"if","locations":[{"start":{"line":360,"column":4},"end":{"line":360,"column":4}},{"start":{"line":360,"column":4},"end":{"line":360,"column":4}}]},"56":{"line":365,"type":"if","locations":[{"start":{"line":365,"column":4},"end":{"line":365,"column":4}},{"start":{"line":365,"column":4},"end":{"line":365,"column":4}}]}},"code":["const fs         = require('fs');","const path       = require('path');","const read       = fs.readFileSync;","const exists     = fs.existsSync;","const join       = path.join;","const debug      = require('./debug')('tabtab:complete');","const assign     = require('object-assign');","const uniq       = require('lodash.uniq');","const difference = require('lodash.difference');","const { EventEmitter } = require('events');","const CacheMixin  = require('./cache');","","// Public: Complete class. This is the main API to interract with the","// completion system and extends EventEmitter.","//","// Examples","//","//   var complete = new Complete({","//     name: 'binary-name'","//   });","//","//   complete.on('list', function(data, done) {","//     return done(null, ['completion', 'result', 'here']);","//   });","class Complete extends EventEmitter {","","  // Public: Options defaults.","  //","  // Returns the binary name being completed. Uses process.title if not the","  // default \"node\" value, or attempt to determine the package name from","  // package.json file.","  get defaults() {","    return {","      name: process.title !== 'node' ? process.title : ''","    };","  }","","  // Public: Complete constructor, accepts options hash with","  //","  // options -  Accepts options hash (default: {})","  //","  // Examples","  //","  //   new Complete({","  //     // the String package name being completed, defaults to process.title","  //     // (if not node default) or will attempt to determine parent's","  //     // package.json location and extract the name from it.","  //     name: 'foobar'","  //","  //     // Enable / Disable cache (defaults: true)","  //     cache: true,","  //","  //    // Cache Time To Live duration in ms (default: 5min)","  //     ttl: 1000 * 60 * 5","  //   });","  constructor(options) {","    super();","    this.options = options || this.defaults;","    this.options.name = this.options.name || this.resolve('name');","    this.options.cache = typeof this.options.cache !== 'undefined' ? this.options.cache : true;","    this.options.ttl = this.options.ttl || (1000 * 60 * 5);","","    this._results = [];","    this._completions = [];","  }","","  start() {","    this.handle();","  }","","  // Public: Takes care of all the completion plumbing mechanism.","  //","  // It checks the environment to determine if we act in plumbing mode or not,","  // to parse COMP args and emit the appropriated events to gather completion","  // results.","  //","  // options - options hash to pass to self#parseEnv","  handle(options) {","    options = assign({}, options, this.options);","    var name = options.name;","    if (!name) throw new Error('Cannot determine package name');","","    var env = this.env = this.parseEnv(options);","    if (env.args[0] !== 'completion') return;","","    var line = env.line.replace(name, '').trim();","    var first = line.split(' ')[0];","    if (first) first = first.trim();","","    var event = (first || env.prev || name).trim();","    var cache = this.cache(env.line);","","    if (this.options.cache && cache) {","      return process.nextTick(() => {","        // this.addCompletions(cache.value);","        this.send(event + ':cache', env);","        debug('cache', cache.value);","        this.output(cache.value);","      });","    }","","    if (!env.complete) {","      return debug('Completion command but without COMP args');","    }","","    process.nextTick(() => {","      this.completePackage(env);","","      var prev = env.prev.trim();","      name = name.trim();","","      // Keeps emitting event only if previous one is not being listened to.","      // Emits in series: first, prev and name.","      this.send(event, env, this.recv.bind(this));","","      if (prev !== event) this.send(prev, env, this.recv.bind(this));","      if (name !== event && name !== prev) this.send(name, env, this.recv.bind(this));","","      if (this.options.cache) {","        this.cache(env.line, this._results);","        this.writeToStore(this.cacheStore);","      }","    });","  }","","  output(results) {","    var shell = (process.env.SHELL || '').split('/').slice(-1)[0];","","    if (shell === 'bash') {","      results = results.filter((res) => {","        return res.indexOf(this.env.last) === 0;","      });","    }","","    // create a duplicate-free version of results","    results = uniq(results);","","    // only include results different from past completion results","    results = difference(results, this._completions);","    this._completions = this._completions.concat(results);","","    debug('results:', results, this.env);","    console.log(results.join('\\n'));","  }","","  send(evt, env, done) {","    var res = this.emit(evt, env, done);","    debug('Emit evt: %s (listener: %s)', evt, res);","    return res;","  }","","  completePackage(env, stop) {","    var config = this.resolve('tabtab');","    if (!config) return;","","    var pkgname = config[this.options.name];","","    var last = (env.last || env.prev).trim();","    var prop = last || this.options.name;","    if (!prop) return;","","    if (stop) {","      let first = env.line.split(' ')[0];","      let results = config[first];","      if (!results) return;","      return this.recv(null, results, env);","    }","","    // Keeps looking up for completion only if previous one have not returned","    // any results.","    var command = config[prop];","    var completions = this.recv(null, command, env);","","    if (!completions) {","      if (last && !stop) {","        let reg = new RegExp('\\\\s*' + last + '\\\\s*$');","        let line = env.line.replace(reg, '');","        this.completePackage(this.parseEnv({","          env: {","            COMP_LINE: line,","            COMP_WORD: env.words,","            COMP_POINT: env.point","          }","        }), true);","      }","    }","","    return true","  }","","  // Public: Completions handlers","  //","  // will call back this function with an Array of completion items.","  //","  // err -          Error object","  // completions -  The Array of String completion results to write to stdout","  // env -          Env object as parsed by parseEnv","  recv(err, completions, env) {","    if (!completions) return;","","    env = env || this.env;","","    debug('Received %s', completions);","    if (err) return this.emit('error', err);","","    this.addCompletions(completions);","    this.output(this._results);","","    return completions;","  }","","  addCompletions(completions) {","    completions = Array.isArray(completions) ? completions : [completions];","    var shell = (process.env.SHELL || '').split('/').slice(-1)[0];","","    completions = completions.map(this.completionItem).map((item) => {","      return shell === 'zsh' ? `${item.name.replace(/:/g, '\\\\:')}:${item.description}` :","        shell === 'fish' ? `${item.name}\\t${item.description}` :","        item.name;","    });","","    this._results = this._results.concat(completions);","  }","","  completionItem(str) {","    debug('completion item', str, typeof str);","","    if (typeof str !== 'string') return str;","    var shell = (process.env.SHELL || '').split('/').slice(-1)[0];","","    var parts = str.split(/(\\\\)?:/);","    var name = parts[0];","    var desc = parts.slice(-1)[0];","","    if (desc === name) {","      desc = '';","    }","","    if (shell === 'zsh' && /\\\\/.test(str)) {","      name = name + '\\\\';","    }","","    return {","      name: name,","      description: desc","    };","  }","","  // Public: Main utility to extract information from command line arguments and","  // Environment variables, namely COMP args in \"plumbing\" mode.","  //","  // options -  The options hash as parsed by minimist, plus an env property","  //            representing user environment (default: { env: process.env })","  //    :_      - The arguments Array parsed by minimist (positional arguments)","  //    :env    - The environment Object that holds COMP args (default: process.env)","  //","  // Examples","  //","  //   var env = complete.parseEnv();","  //   // env:","  //   // args        the positional arguments used","  //   // complete    A Boolean indicating whether we act in \"plumbing mode\" or not","  //   // words       The Number of words in the completed line","  //   // point       A Number indicating cursor position","  //   // line        The String input line","  //   // partial     The String part of line preceding cursor position","  //   // last        The last String word of the line","  //   // lastPartial The last word String of partial","  //   // prev        The String word preceding last","  //","  // Returns the data env object.","  parseEnv(options) {","    options = options || {}","    options = assign({}, options, this.options);","    var args = options._ || process.argv.slice(2);","    var env = options.env || process.env;","","    var cword = Number(env.COMP_CWORD);","    var point = Number(env.COMP_POINT);","    var line = env.COMP_LINE || '';","","    if (isNaN(cword)) cword = 0;","    if (isNaN(point)) point = 0;","","    var partial = line.slice(0, point);","","    var parts = line.split(' ');","    var prev = parts.slice(0, -1).slice(-1)[0];","","    var last = parts.slice(-1).join('');","    var lastPartial = partial.split(' ').slice(-1).join('');","","    var complete = args[0] === 'completion';","","    if (!env.COMP_CWORD || typeof env.COMP_POINT === 'undefined' || typeof env.COMP_LINE === 'undefined') {","      complete = false;","    }","","    return {","      args: args,","      complete: complete,","      words: cword,","      point: point,","      line: line,","      partial: partial,","      last: last,","      lastPartial: lastPartial,","      prev: prev || ''","    };","  }","","  // Public: Script templating helper","  //","  // Outputs npm's completion script with pkgname and completer placeholder","  // replaced.","  //","  // name     - The String package/binary name","  // complete - The String completer name, usualy the same as name above. Can","  //            differ to delegate the completion behavior to another command.","  //","  // Returns the script content with placeholders replaced","  script(name, completer, shell) {","    return read(join(__dirname, `../scripts/${shell || 'completion'}.sh`), 'utf8')","      .replace(/\\{pkgname\\}/g, name)","      .replace(/{completer}/g, completer);","  }","","  // Public: Recursively walk up the `module.parent` chain to find original file.","  findParent(module, last) {","    if (!module.parent) return module;","    return this.findParent(module.parent);","  }","","  // Public: Recursively walk up the directories, untill it finds the `file`","  // provided, or reach the user $HOME dir.","  findUp(file, dir) {","    dir = path.resolve(dir || './');","","    // stop at user $HOME dir","    if (dir === process.env.HOME) return;","    if (exists(join(dir, file))) return join(dir, file);","    return this.findUp(file, path.dirname(dir));","  }","","  // Public: package name resolver.","  //","  // When options.name is not defined, this gets called to attempt to determine","  // completer name.","  //","  // It'll attempt to follow the module chain and find the package.json file to","  // determine the command name being completed.","  resolve(prop) {","    // `module` is special node builtin","    var parent = this.findParent(module);","    if (!parent) return;","","    var dirname = path.dirname(parent.filename);","","    // was invoked by cli tabtab, fallback to local package.json","    if (parent.filename === path.join(__dirname, '../bin/tabtab')) {","      dirname = path.resolve();","    }","","    var jsonfile = this.findUp('package.json', dirname);","    if (!jsonfile) return;","","    return require(jsonfile)[prop];","  }","}","","assign(Complete.prototype, CacheMixin);","","module.exports = Complete;",""],"l":{"1":1,"2":1,"3":1,"4":1,"5":1,"6":1,"7":1,"8":1,"9":1,"10":1,"11":1,"33":0,"57":0,"58":0,"59":0,"60":0,"61":0,"63":0,"64":0,"68":0,"79":0,"80":0,"81":0,"83":0,"84":0,"86":0,"87":0,"88":0,"90":0,"91":0,"93":0,"94":0,"96":0,"97":0,"98":0,"102":0,"103":0,"106":0,"107":0,"109":0,"110":0,"114":0,"116":0,"117":0,"119":0,"120":0,"121":0,"127":0,"129":0,"130":0,"131":0,"136":0,"139":0,"140":0,"142":0,"143":0,"147":0,"148":0,"149":0,"153":0,"154":0,"156":0,"158":0,"159":0,"160":0,"162":0,"163":0,"164":0,"165":0,"166":0,"171":0,"172":0,"174":0,"175":0,"176":0,"177":0,"178":0,"188":0,"199":0,"201":0,"203":0,"204":0,"206":0,"207":0,"209":0,"213":0,"214":0,"216":0,"217":0,"222":0,"226":0,"228":0,"229":0,"231":0,"232":0,"233":0,"235":0,"236":0,"239":0,"240":0,"243":0,"273":0,"274":0,"275":0,"276":0,"278":0,"279":0,"280":0,"282":0,"283":0,"285":0,"287":0,"288":0,"290":0,"291":0,"293":0,"295":0,"296":0,"299":0,"323":0,"330":0,"331":0,"337":0,"340":0,"341":0,"342":0,"354":0,"355":0,"357":0,"360":0,"361":0,"364":0,"365":0,"367":0,"371":1,"373":1}}}